[ 06/07/2022 16:18:50 ] -     -	 --------------------File Sync V 0.1--------------------

[ 06/07/2022 16:18:50 ] -     -	 ...loading successful

[ 06/07/2022 16:18:50 ] -     -	 ...functions loaded

[ 06/07/2022 16:18:50 ] -     -	 ...loading configs

[ 06/07/2022 16:18:50 ] -     -	 SRC File Found 

[ 06/07/2022 16:18:50 ] -     -	 DST File Found

[ 06/07/2022 16:18:50 ] -     -	 CFG File Found

[ 06/07/2022 16:18:50 ] -     -	 0/3 New Files Created

[ 06/07/2022 16:18:50 ] -     -	 ...Loading Data

[ 06/07/2022 16:18:50 ] -DEBUG-	 Building Menu

[ 06/07/2022 16:18:50 ] -DEBUG-	 READY LAUNCHING IN 3 SECONDS

[ 06/07/2022 16:18:53 ] -     -	 
	| What Do You Wanna Do? |
	[0]	Run Sync
	[1]	Add new Copy Job
	[2]	SHOW Log
	[3]	Exit


[ 06/07/2022 16:18:58 ] -     -	 --------------------------

[ 06/07/2022 16:18:58 ] -     -	 Add a new Source-Directory

[ 06/07/2022 16:20:14 ] -     -	 Add To FileAdded: F:\MediaProjects\Videos\2022\ | Z:\MediaProjects\Video\PM_Files_archive\2022\, .*

[ 06/07/2022 16:20:14 ] -     -	 
	| What Do You Wanna Do? |
	[0]	Run Sync
	[1]	Add new Copy Job
	[2]	SHOW Log
	[3]	Exit


[ 06/07/2022 16:21:00 ] -     -	 ----------------

[ 06/07/2022 16:21:00 ] -     -	 RUNNING SYNC....

[ 06/07/2022 16:21:00 ] -     -	 RUNNING SYNC

[ 06/07/2022 16:21:00 ] -     -	 Copy Job: 	From: Z:\Personal\Wesley Andrew Stillwell\PersonalPhotos	To: Z:\Personal\Wesley Andrew Stillwell\PersonalPhotos	Type:

[ 06/07/2022 16:21:03 ] -     -	 Copy Job: 	From: Z:\Personal\Wesley Andrew Stillwell\PersonalPhotos	To: Z:\Personal\Wesley Andrew Stillwell\PersonalPhotos	Type:

[ 06/07/2022 16:21:03 ] -     -	 Copy Job: 	From: Z:\Personal\Wesley Andrew Stillwell\PersonalPhotos	To: Z:\Personal\Wesley Andrew Stillwell\PersonalPhotos	Type:

[ 06/07/2022 16:21:04 ] -     -	 Copy Job: 	From: F:\MediaProjects\Videos\2022\	To: F:\MediaProjects\Videos\2022\	Type:

