[ 06/09/2022 18:58:36 ] -     -	 --------------------File Sync V 0.1--------------------

[ 06/09/2022 18:58:36 ] -     -	 ...loading successful

[ 06/09/2022 18:58:36 ] -     -	 ...functions loaded

[ 06/09/2022 18:58:36 ] -     -	 ...loading configs

[ 06/09/2022 18:58:36 ] -     -	 SRC File Found 

[ 06/09/2022 18:58:36 ] -     -	 DST File Found

[ 06/09/2022 18:58:36 ] -     -	 CFG File Found

[ 06/09/2022 18:58:36 ] -     -	 0/3 New Files Created

[ 06/09/2022 18:58:36 ] -     -	 ...Loading Data

[ 06/09/2022 18:58:36 ] -DEBUG-	 Building Menu

[ 06/09/2022 18:58:36 ] -DEBUG-	 READY LAUNCHING IN 3 SECONDS

[ 06/09/2022 18:58:39 ] -     -	 
	| What Do You Wanna Do? |
	[0]	Run Sync
	[1]	Add new Copy Job
	[2]	SHOW Log
	[3]	Exit


[ 06/09/2022 18:58:44 ] -     -	 ----------------

[ 06/09/2022 18:58:44 ] -     -	 RUNNING SYNC....

[ 06/09/2022 18:58:44 ] -     -	 RUNNING SYNC

[ 06/09/2022 18:58:44 ] -     -	 Copy Job: 	From: Z:\Personal\Wesley Andrew Stillwell\PersonalPhotos	To: Z:\Personal\Wesley Andrew Stillwell\PersonalPhotos	Type:

[ 06/09/2022 18:58:47 ] -     -	 Copy Job: 	From: Z:\Personal\Wesley Andrew Stillwell\PersonalPhotos	To: Z:\Personal\Wesley Andrew Stillwell\PersonalPhotos	Type:

[ 06/09/2022 18:58:47 ] -     -	 Copy Job: 	From: Z:\Personal\Wesley Andrew Stillwell\PersonalPhotos	To: Z:\Personal\Wesley Andrew Stillwell\PersonalPhotos	Type:

[ 06/09/2022 18:58:48 ] -     -	 Copy Job: 	From: F:\MediaProjects\Videos\2022\	To: F:\MediaProjects\Videos\2022\	Type:

[ 06/09/2022 18:58:48 ] -     -	 
	| What Do You Wanna Do? |
	[0]	Run Sync
	[1]	Add new Copy Job
	[2]	SHOW Log
	[3]	Exit


[ 06/09/2022 18:59:32 ] -     -	 ----------------

[ 06/09/2022 18:59:32 ] -     -	 RUNNING SYNC....

[ 06/09/2022 18:59:32 ] -     -	 RUNNING SYNC

[ 06/09/2022 18:59:32 ] -     -	 Copy Job: 	From: Z:\Personal\Wesley Andrew Stillwell\PersonalPhotos	To: Z:\Personal\Wesley Andrew Stillwell\PersonalPhotos	Type:

[ 06/09/2022 18:59:33 ] -     -	 Copy Job: 	From: Z:\Personal\Wesley Andrew Stillwell\PersonalPhotos	To: Z:\Personal\Wesley Andrew Stillwell\PersonalPhotos	Type:

[ 06/09/2022 18:59:33 ] -     -	 Copy Job: 	From: Z:\Personal\Wesley Andrew Stillwell\PersonalPhotos	To: Z:\Personal\Wesley Andrew Stillwell\PersonalPhotos	Type:

[ 06/09/2022 18:59:33 ] -     -	 Copy Job: 	From: F:\MediaProjects\Videos\2022\	To: F:\MediaProjects\Videos\2022\	Type:

[ 06/09/2022 18:59:34 ] -     -	 
	| What Do You Wanna Do? |
	[0]	Run Sync
	[1]	Add new Copy Job
	[2]	SHOW Log
	[3]	Exit


