[ 06/09/2022 19:00:20 ] -     -	 ----------------

[ 06/09/2022 19:00:20 ] -     -	 ...Shutting Down

[ 06/09/2022 19:00:20 ] -     -	 .

[ 06/09/2022 19:00:20 ] -     -	 ...Good Bye

[ 06/09/2022 19:00:20 ] -     -	 Shutting down...

[ 06/09/2022 19:00:22 ] -     -	 --------------------File Sync V 0.1--------------------

[ 06/09/2022 19:00:22 ] -     -	 ...loading successful

[ 06/09/2022 19:00:22 ] -     -	 ...functions loaded

[ 06/09/2022 19:00:22 ] -     -	 ...loading configs

[ 06/09/2022 19:00:22 ] -     -	 SRC File Found 

[ 06/09/2022 19:00:22 ] -     -	 DST File Found

[ 06/09/2022 19:00:22 ] -     -	 CFG File Found

[ 06/09/2022 19:00:22 ] -     -	 0/3 New Files Created

[ 06/09/2022 19:00:22 ] -     -	 ...Loading Data

[ 06/09/2022 19:00:22 ] -DEBUG-	 Building Menu

[ 06/09/2022 19:00:22 ] -DEBUG-	 READY LAUNCHING IN 3 SECONDS

[ 06/09/2022 19:00:25 ] -     -	 
	| What Do You Wanna Do? |
	[0]	Run Sync
	[1]	Add new Copy Job
	[2]	SHOW Log
	[3]	Exit


[ 06/09/2022 19:00:45 ] -     -	 --------------------File Sync V 0.1--------------------

[ 06/09/2022 19:00:45 ] -     -	 ...loading successful

[ 06/09/2022 19:00:45 ] -     -	 ...functions loaded

[ 06/09/2022 19:00:45 ] -     -	 ...loading configs

[ 06/09/2022 19:00:45 ] -     -	 SRC File Found 

[ 06/09/2022 19:00:45 ] -     -	 DST File Found

[ 06/09/2022 19:00:45 ] -     -	 CFG File Found

[ 06/09/2022 19:00:45 ] -     -	 0/3 New Files Created

[ 06/09/2022 19:00:45 ] -     -	 ...Loading Data

[ 06/09/2022 19:00:45 ] -DEBUG-	 Building Menu

[ 06/09/2022 19:00:45 ] -DEBUG-	 READY LAUNCHING IN 3 SECONDS

[ 06/09/2022 19:00:48 ] -     -	 
	| What Do You Wanna Do? |
	[0]	Run Sync
	[1]	Add new Copy Job
	[2]	SHOW Log
	[3]	Exit


[ 06/09/2022 19:00:58 ] -     -	 --------------------File Sync V 1--------------------

[ 06/09/2022 19:00:58 ] -     -	 ...loading successful

[ 06/09/2022 19:00:58 ] -     -	 ...functions loaded

[ 06/09/2022 19:00:58 ] -     -	 ...loading configs

[ 06/09/2022 19:00:58 ] -     -	 SRC File Found 

[ 06/09/2022 19:00:58 ] -     -	 DST File Found

[ 06/09/2022 19:00:58 ] -     -	 CFG File Found

[ 06/09/2022 19:00:58 ] -     -	 0/3 New Files Created

[ 06/09/2022 19:00:58 ] -     -	 ...Loading Data

[ 06/09/2022 19:00:58 ] -DEBUG-	 Building Menu

[ 06/09/2022 19:00:58 ] -DEBUG-	 READY LAUNCHING IN 3 SECONDS

[ 06/09/2022 19:01:01 ] -     -	 
	| What Do You Wanna Do? |
	[0]	Run Sync
	[1]	Add new Copy Job
	[2]	SHOW Log
	[3]	Exit


[ 06/09/2022 19:01:05 ] -     -	 ----------------

[ 06/09/2022 19:01:05 ] -     -	 RUNNING SYNC....

[ 06/09/2022 19:01:05 ] -     -	 RUNNING SYNC

[ 06/09/2022 19:01:05 ] -     -	 Copy Job: 	From: Z:\Personal\Wesley Andrew Stillwell\PersonalPhotos	To: Z:\Personal\Wesley Andrew Stillwell\PersonalPhotos	Type:

[ 06/09/2022 19:01:06 ] -     -	 Copy Job: 	From: Z:\Personal\Wesley Andrew Stillwell\PersonalPhotos	To: Z:\Personal\Wesley Andrew Stillwell\PersonalPhotos	Type:

[ 06/09/2022 19:01:07 ] -     -	 Copy Job: 	From: Z:\Personal\Wesley Andrew Stillwell\PersonalPhotos	To: Z:\Personal\Wesley Andrew Stillwell\PersonalPhotos	Type:

[ 06/09/2022 19:01:07 ] -     -	 Copy Job: 	From: F:\MediaProjects\Videos\2022\	To: F:\MediaProjects\Videos\2022\	Type:

[ 06/09/2022 19:01:07 ] -     -	 
	| What Do You Wanna Do? |
	[0]	Run Sync
	[1]	Add new Copy Job
	[2]	SHOW Log
	[3]	Exit


[ 06/09/2022 19:12:20 ] -     -	 ----------------

[ 06/09/2022 19:12:20 ] -     -	 ...Shutting Down

[ 06/09/2022 19:12:20 ] -     -	 .

[ 06/09/2022 19:12:20 ] -     -	 ...Good Bye

[ 06/09/2022 19:12:20 ] -     -	 Shutting down...

