[ 05/24/2022 10:31:38 ] -     -	 |STARTING WLOG FOR: Copy On Modify 
|	Date: 05/24/2022 10:31 +02:00
|-------------------------------------
 cOM.log
-------------------------------------
Log Saved 05-24-202210-31+02:00
-------------------------------------

[ 05/24/2022 10:32:37 ] -     -	 |STARTING WLOG FOR: Copy On Modify 
|	Date: 05/24/2022 10:32 +02:00
|-------------------------------------
 cOM.log
-------------------------------------
Log Saved 05-24-202210-32+02:00
-------------------------------------

[ 05/24/2022 10:35:24 ] -     -	 |STARTING WLOG FOR: Copy On Modify 
|	Date: 05/24/2022 10:35 +02:00
|-------------------------------------
 cOM.log
-------------------------------------
Log Saved 05-24-202210-35+02:00
-------------------------------------

[ 05/24/2022 10:36:24 ] -DEBUG-	 SRCDIR: F:\MediaProjects\Videos 1

[ 05/24/2022 10:36:24 ] -     -	 DESTDIR: C:\Users\wesle\OneDrive\Video\Kajak Renders

[ 05/24/2022 10:36:24 ] -     -	 EXCLUDED DIR:

[ 05/24/2022 10:36:24 ] -     -	 ../*FOOTAGE*

[ 05/24/2022 10:36:24 ] -     -	 ../*Footage*

[ 05/24/2022 10:36:24 ] -     -	 ../*Material*

[ 05/24/2022 10:36:24 ] -     -	 ../*material*

[ 05/24/2022 10:36:24 ] -     -	 ../*footage*

[ 05/24/2022 10:36:24 ] -     -	 ../*GOPRO*

[ 05/24/2022 10:36:24 ] -     -	 ../**

[ 05/24/2022 10:36:24 ] -     -	 |STARTING WLOG FOR: Copy On Modify 
|	Date: 05/24/2022 10:36 +02:00
|-------------------------------------
[ 05/24/2022 10:36:24 ] -DEBUG-	 SRCDIR: F:\MediaProjects\Videos 1
[ 05/24/2022 10:36:24 ] -     -	 DESTDIR: C:\Users\wesle\OneDrive\Video\Kajak Renders
[ 05/24/2022 10:36:24 ] -     -	 EXCLUDED DIR:
[ 05/24/2022 10:36:24 ] -     -	 ../*FOOTAGE*
[ 05/24/2022 10:36:24 ] -     -	 ../*Footage*
[ 05/24/2022 10:36:24 ] -     -	 ../*Material*
[ 05/24/2022 10:36:24 ] -     -	 ../*material*
[ 05/24/2022 10:36:24 ] -     -	 ../*footage*
[ 05/24/2022 10:36:24 ] -     -	 ../*GOPRO*
[ 05/24/2022 10:36:24 ] -     -	 ../**
 cOM.log
-------------------------------------
Log Saved 05-24-202210-36+02:00
-------------------------------------

[ 05/24/2022 10:38:27 ] -DEBUG-	 SRCDIR: F:\MediaProjects\Videos 1

[ 05/24/2022 10:38:27 ] -     -	 DESTDIR: C:\Users\wesle\OneDrive\Video\Kajak Renders

[ 05/24/2022 10:38:27 ] -     -	 EXCLUDED DIR:

[ 05/24/2022 10:38:27 ] -     -	 ../*FOOTAGE*

[ 05/24/2022 10:38:27 ] -     -	 ../*Footage*

[ 05/24/2022 10:38:27 ] -     -	 ../*Material*

[ 05/24/2022 10:38:27 ] -     -	 ../*material*

[ 05/24/2022 10:38:27 ] -     -	 ../*footage*

[ 05/24/2022 10:38:27 ] -     -	 ../*GOPRO*

[ 05/24/2022 10:38:27 ] -     -	 ../**

[ 05/24/2022 10:38:27 ] -     -	 |STARTING WLOG FOR: Copy On Modify 
|	Date: 05/24/2022 10:38 +02:00
|-------------------------------------
[ 05/24/2022 10:38:27 ] -DEBUG-	 SRCDIR: F:\MediaProjects\Videos 1
[ 05/24/2022 10:38:27 ] -     -	 DESTDIR: C:\Users\wesle\OneDrive\Video\Kajak Renders
[ 05/24/2022 10:38:27 ] -     -	 EXCLUDED DIR:
[ 05/24/2022 10:38:27 ] -     -	 ../*FOOTAGE*
[ 05/24/2022 10:38:27 ] -     -	 ../*Footage*
[ 05/24/2022 10:38:27 ] -     -	 ../*Material*
[ 05/24/2022 10:38:27 ] -     -	 ../*material*
[ 05/24/2022 10:38:27 ] -     -	 ../*footage*
[ 05/24/2022 10:38:27 ] -     -	 ../*GOPRO*
[ 05/24/2022 10:38:27 ] -     -	 ../**
 cOM.log
-------------------------------------
Log Saved 05-24-202210-38+02:00
-------------------------------------

[ 05/24/2022 10:39:12 ] -DEBUG-	 SRCDIR: F:\MediaProjects\Videos 1

[ 05/24/2022 10:39:12 ] -     -	 DESTDIR: C:\Users\wesle\OneDrive\Video\Kajak Renders

[ 05/24/2022 10:39:12 ] -     -	 EXCLUDED DIR:

[ 05/24/2022 10:39:12 ] -     -	 ../*FOOTAGE*

[ 05/24/2022 10:39:12 ] -     -	 ../*Footage*

[ 05/24/2022 10:39:12 ] -     -	 ../*Material*

[ 05/24/2022 10:39:12 ] -     -	 ../*material*

[ 05/24/2022 10:39:12 ] -     -	 ../*footage*

[ 05/24/2022 10:39:12 ] -     -	 ../*GOPRO*

[ 05/24/2022 10:39:12 ] -     -	 ../**

[ 05/24/2022 10:39:12 ] -     -	 |STARTING WLOG FOR: Copy On Modify 
|	Date: 05/24/2022 10:39 +02:00
|-------------------------------------
[ 05/24/2022 10:39:12 ] -DEBUG-	 SRCDIR: F:\MediaProjects\Videos 1
[ 05/24/2022 10:39:12 ] -     -	 DESTDIR: C:\Users\wesle\OneDrive\Video\Kajak Renders
[ 05/24/2022 10:39:12 ] -     -	 EXCLUDED DIR:
[ 05/24/2022 10:39:12 ] -     -	 ../*FOOTAGE*
[ 05/24/2022 10:39:12 ] -     -	 ../*Footage*
[ 05/24/2022 10:39:12 ] -     -	 ../*Material*
[ 05/24/2022 10:39:12 ] -     -	 ../*material*
[ 05/24/2022 10:39:12 ] -     -	 ../*footage*
[ 05/24/2022 10:39:12 ] -     -	 ../*GOPRO*
[ 05/24/2022 10:39:12 ] -     -	 ../**
 cOM.log
-------------------------------------
Log Saved 05-24-202210-39+02:00
-------------------------------------

[ 05/24/2022 10:40:16 ] -DEBUG-	 SRCDIR: F:\MediaProjects\Videos 1

[ 05/24/2022 10:40:16 ] -     -	 DESTDIR: C:\Users\wesle\OneDrive\Video\Kajak Renders

[ 05/24/2022 10:40:16 ] -     -	 EXCLUDED DIR:

[ 05/24/2022 10:40:16 ] -     -	 ../*FOOTAGE*

[ 05/24/2022 10:40:16 ] -     -	 ../*Footage*

[ 05/24/2022 10:40:16 ] -     -	 ../*Material*

[ 05/24/2022 10:40:16 ] -     -	 ../*material*

[ 05/24/2022 10:40:16 ] -     -	 ../*footage*

[ 05/24/2022 10:40:16 ] -     -	 ../*GOPRO*

[ 05/24/2022 10:40:16 ] -     -	 ../**

[ 05/24/2022 10:40:16 ] -     -	 |STARTING WLOG FOR: Copy On Modify 
|	Date: 05/24/2022 10:40 +02:00
|-------------------------------------
[ 05/24/2022 10:40:16 ] -DEBUG-	 SRCDIR: F:\MediaProjects\Videos 1
[ 05/24/2022 10:40:16 ] -     -	 DESTDIR: C:\Users\wesle\OneDrive\Video\Kajak Renders
[ 05/24/2022 10:40:16 ] -     -	 EXCLUDED DIR:
[ 05/24/2022 10:40:16 ] -     -	 ../*FOOTAGE*
[ 05/24/2022 10:40:16 ] -     -	 ../*Footage*
[ 05/24/2022 10:40:16 ] -     -	 ../*Material*
[ 05/24/2022 10:40:16 ] -     -	 ../*material*
[ 05/24/2022 10:40:16 ] -     -	 ../*footage*
[ 05/24/2022 10:40:16 ] -     -	 ../*GOPRO*
[ 05/24/2022 10:40:16 ] -     -	 ../**
 cOM.log
-------------------------------------
Log Saved 05-24-202210-40+02:00
-------------------------------------

[ 05/24/2022 10:40:37 ] -DEBUG-	 SRCDIR: F:\MediaProjects\Videos 1

[ 05/24/2022 10:40:37 ] -     -	 DESTDIR: C:\Users\wesle\OneDrive\Video\Kajak Renders

[ 05/24/2022 10:40:37 ] -     -	 EXCLUDED DIR:

[ 05/24/2022 10:40:37 ] -     -	 ../*FOOTAGE*

[ 05/24/2022 10:40:37 ] -     -	 ../*Footage*

[ 05/24/2022 10:40:37 ] -     -	 ../*Material*

[ 05/24/2022 10:40:37 ] -     -	 ../*material*

[ 05/24/2022 10:40:37 ] -     -	 ../*footage*

[ 05/24/2022 10:40:37 ] -     -	 ../*GOPRO*

[ 05/24/2022 10:40:37 ] -     -	 ../**

[ 05/24/2022 10:40:37 ] -     -	 |STARTING WLOG FOR: Copy On Modify 
|	Date: 05/24/2022 10:40 +02:00
|-------------------------------------
[ 05/24/2022 10:40:37 ] -DEBUG-	 SRCDIR: F:\MediaProjects\Videos 1
[ 05/24/2022 10:40:37 ] -     -	 DESTDIR: C:\Users\wesle\OneDrive\Video\Kajak Renders
[ 05/24/2022 10:40:37 ] -     -	 EXCLUDED DIR:
[ 05/24/2022 10:40:37 ] -     -	 ../*FOOTAGE*
[ 05/24/2022 10:40:37 ] -     -	 ../*Footage*
[ 05/24/2022 10:40:37 ] -     -	 ../*Material*
[ 05/24/2022 10:40:37 ] -     -	 ../*material*
[ 05/24/2022 10:40:37 ] -     -	 ../*footage*
[ 05/24/2022 10:40:37 ] -     -	 ../*GOPRO*
[ 05/24/2022 10:40:37 ] -     -	 ../**
 cOM.log
-------------------------------------
Log Saved 05-24-202210-40+02:00
-------------------------------------

[ 05/24/2022 10:41:34 ] -DEBUG-	 SRCDIR: F:\MediaProjects\Videos 1

[ 05/24/2022 10:41:34 ] -     -	 DESTDIR: C:\Users\wesle\OneDrive\Video\Kajak Renders

[ 05/24/2022 10:41:34 ] -     -	 EXCLUDED DIR:

[ 05/24/2022 10:41:34 ] -     -	 ../*FOOTAGE*

[ 05/24/2022 10:41:34 ] -     -	 ../*Footage*

[ 05/24/2022 10:41:34 ] -     -	 ../*Material*

[ 05/24/2022 10:41:34 ] -     -	 ../*material*

[ 05/24/2022 10:41:34 ] -     -	 ../*footage*

[ 05/24/2022 10:41:34 ] -     -	 ../*GOPRO*

[ 05/24/2022 10:41:34 ] -     -	 ../**

[ 05/24/2022 10:41:34 ] -     -	 |STARTING WLOG FOR: Copy On Modify 
|	Date: 05/24/2022 10:41 +02:00
|-------------------------------------
[ 05/24/2022 10:41:34 ] -DEBUG-	 SRCDIR: F:\MediaProjects\Videos 1
[ 05/24/2022 10:41:34 ] -     -	 DESTDIR: C:\Users\wesle\OneDrive\Video\Kajak Renders
[ 05/24/2022 10:41:34 ] -     -	 EXCLUDED DIR:
[ 05/24/2022 10:41:34 ] -     -	 ../*FOOTAGE*
[ 05/24/2022 10:41:34 ] -     -	 ../*Footage*
[ 05/24/2022 10:41:34 ] -     -	 ../*Material*
[ 05/24/2022 10:41:34 ] -     -	 ../*material*
[ 05/24/2022 10:41:34 ] -     -	 ../*footage*
[ 05/24/2022 10:41:34 ] -     -	 ../*GOPRO*
[ 05/24/2022 10:41:34 ] -     -	 ../**
 cOM.log
-------------------------------------
Log Saved 05-24-202210-41+02:00
-------------------------------------

[ 05/24/2022 10:55:55 ] -DEBUG-	 SRCDIR: F:\MediaProjects\Videos 1

[ 05/24/2022 10:55:55 ] -     -	 DESTDIR: C:\Users\wesle\OneDrive\Video\Kajak Renders

[ 05/24/2022 10:55:55 ] -     -	 EXCLUDED DIR:

[ 05/24/2022 10:55:55 ] -     -	 ../(GOPRO)

[ 05/24/2022 10:55:55 ] -     -	 ../(gopro)

[ 05/24/2022 10:55:55 ] -     -	 ../(Footage)

[ 05/24/2022 10:55:55 ] -     -	 ../(footage)

[ 05/24/2022 10:55:55 ] -     -	 ../(DCI)

[ 05/24/2022 10:55:55 ] -     -	 |STARTING WLOG FOR: Copy On Modify 
|	Date: 05/24/2022 10:55 +02:00
|-------------------------------------
[ 05/24/2022 10:55:55 ] -DEBUG-	 SRCDIR: F:\MediaProjects\Videos 1
[ 05/24/2022 10:55:55 ] -     -	 DESTDIR: C:\Users\wesle\OneDrive\Video\Kajak Renders
[ 05/24/2022 10:55:55 ] -     -	 EXCLUDED DIR:
[ 05/24/2022 10:55:55 ] -     -	 ../(GOPRO)
[ 05/24/2022 10:55:55 ] -     -	 ../(gopro)
[ 05/24/2022 10:55:55 ] -     -	 ../(Footage)
[ 05/24/2022 10:55:55 ] -     -	 ../(footage)
[ 05/24/2022 10:55:55 ] -     -	 ../(DCI)
 cOM.log
-------------------------------------
Log Saved 05-24-202210-55+02:00
-------------------------------------

[ 05/24/2022 10:57:13 ] -DEBUG-	 SRCDIR: F:\MediaProjects\Videos 1

[ 05/24/2022 10:57:13 ] -     -	 DESTDIR: C:\Users\wesle\OneDrive\Video\Kajak Renders

[ 05/24/2022 10:57:13 ] -     -	 EXCLUDED DIR:

[ 05/24/2022 10:57:13 ] -     -	 ../(GOPRO)

[ 05/24/2022 10:57:13 ] -     -	 ../(gopro)

[ 05/24/2022 10:57:13 ] -     -	 ../(Footage)

[ 05/24/2022 10:57:13 ] -     -	 ../(footage)

[ 05/24/2022 10:57:13 ] -     -	 ../(DCI)

[ 05/24/2022 10:57:13 ] -     -	 |STARTING WLOG FOR: Copy On Modify 
|	Date: 05/24/2022 10:57 +02:00
|-------------------------------------
[ 05/24/2022 10:57:13 ] -DEBUG-	 SRCDIR: F:\MediaProjects\Videos 1
[ 05/24/2022 10:57:13 ] -     -	 DESTDIR: C:\Users\wesle\OneDrive\Video\Kajak Renders
[ 05/24/2022 10:57:13 ] -     -	 EXCLUDED DIR:
[ 05/24/2022 10:57:13 ] -     -	 ../(GOPRO)
[ 05/24/2022 10:57:13 ] -     -	 ../(gopro)
[ 05/24/2022 10:57:13 ] -     -	 ../(Footage)
[ 05/24/2022 10:57:13 ] -     -	 ../(footage)
[ 05/24/2022 10:57:13 ] -     -	 ../(DCI)
 cOM.log
-------------------------------------
Log Saved 05-24-202210-57+02:00
-------------------------------------

[ 05/24/2022 10:57:24 ] -DEBUG-	 SRCDIR: F:\MediaProjects\Videos 1

[ 05/24/2022 10:57:24 ] -     -	 DESTDIR: C:\Users\wesle\OneDrive\Video\Kajak Renders

[ 05/24/2022 10:57:24 ] -     -	 EXCLUDED DIR:

[ 05/24/2022 10:57:24 ] -     -	 ../(GOPRO)

[ 05/24/2022 10:57:24 ] -     -	 ../(gopro)

[ 05/24/2022 10:57:24 ] -     -	 ../(Footage)

[ 05/24/2022 10:57:24 ] -     -	 ../(footage)

[ 05/24/2022 10:57:24 ] -     -	 ../(DCI)

[ 05/24/2022 10:57:24 ] -     -	 |STARTING WLOG FOR: Copy On Modify 
|	Date: 05/24/2022 10:57 +02:00
|-------------------------------------
[ 05/24/2022 10:57:24 ] -DEBUG-	 SRCDIR: F:\MediaProjects\Videos 1
[ 05/24/2022 10:57:24 ] -     -	 DESTDIR: C:\Users\wesle\OneDrive\Video\Kajak Renders
[ 05/24/2022 10:57:24 ] -     -	 EXCLUDED DIR:
[ 05/24/2022 10:57:24 ] -     -	 ../(GOPRO)
[ 05/24/2022 10:57:24 ] -     -	 ../(gopro)
[ 05/24/2022 10:57:24 ] -     -	 ../(Footage)
[ 05/24/2022 10:57:24 ] -     -	 ../(footage)
[ 05/24/2022 10:57:24 ] -     -	 ../(DCI)
 cOM.log
-------------------------------------
Log Saved 05-24-202210-57+02:00
-------------------------------------

[ 05/24/2022 10:57:41 ] -DEBUG-	 SRCDIR: F:\MediaProjects\Videos 1

[ 05/24/2022 10:57:41 ] -     -	 DESTDIR: C:\Users\wesle\OneDrive\Video\Kajak Renders

[ 05/24/2022 10:57:41 ] -     -	 EXCLUDED DIR:

[ 05/24/2022 10:57:41 ] -     -	 ../(GOPRO)

[ 05/24/2022 10:57:41 ] -     -	 ../(gopro)

[ 05/24/2022 10:57:41 ] -     -	 ../(Footage)

[ 05/24/2022 10:57:41 ] -     -	 ../(footage)

[ 05/24/2022 10:57:41 ] -     -	 ../(DCI)

[ 05/24/2022 10:57:41 ] -     -	 |STARTING WLOG FOR: Copy On Modify 
|	Date: 05/24/2022 10:57 +02:00
|-------------------------------------
[ 05/24/2022 10:57:41 ] -DEBUG-	 SRCDIR: F:\MediaProjects\Videos 1
[ 05/24/2022 10:57:41 ] -     -	 DESTDIR: C:\Users\wesle\OneDrive\Video\Kajak Renders
[ 05/24/2022 10:57:41 ] -     -	 EXCLUDED DIR:
[ 05/24/2022 10:57:41 ] -     -	 ../(GOPRO)
[ 05/24/2022 10:57:41 ] -     -	 ../(gopro)
[ 05/24/2022 10:57:41 ] -     -	 ../(Footage)
[ 05/24/2022 10:57:41 ] -     -	 ../(footage)
[ 05/24/2022 10:57:41 ] -     -	 ../(DCI)
 cOM.log
-------------------------------------
Log Saved 05-24-202210-57+02:00
-------------------------------------

[ 05/24/2022 10:58:29 ] -DEBUG-	 SRCDIR: F:\MediaProjects\Videos 1

[ 05/24/2022 10:58:29 ] -     -	 DESTDIR: C:\Users\wesle\OneDrive\Video\Kajak Renders

[ 05/24/2022 10:58:29 ] -     -	 EXCLUDED DIR:

[ 05/24/2022 10:58:29 ] -     -	 ../(GOPRO)

[ 05/24/2022 10:58:29 ] -     -	 ../(gopro)

[ 05/24/2022 10:58:29 ] -     -	 ../(Footage)

[ 05/24/2022 10:58:29 ] -     -	 ../(footage)

[ 05/24/2022 10:58:29 ] -     -	 ../(DCI)

[ 05/24/2022 10:58:29 ] -     -	 SUMREGX:(?:.*((GOPRO)).*|.*((gopro)).*|.*((Footage)).*|.*((footage)).*|.*((DCI)).*|)

[ 05/24/2022 10:58:29 ] -     -	 |STARTING WLOG FOR: Copy On Modify 
|	Date: 05/24/2022 10:58 +02:00
|-------------------------------------
[ 05/24/2022 10:58:29 ] -DEBUG-	 SRCDIR: F:\MediaProjects\Videos 1
[ 05/24/2022 10:58:29 ] -     -	 DESTDIR: C:\Users\wesle\OneDrive\Video\Kajak Renders
[ 05/24/2022 10:58:29 ] -     -	 EXCLUDED DIR:
[ 05/24/2022 10:58:29 ] -     -	 ../(GOPRO)
[ 05/24/2022 10:58:29 ] -     -	 ../(gopro)
[ 05/24/2022 10:58:29 ] -     -	 ../(Footage)
[ 05/24/2022 10:58:29 ] -     -	 ../(footage)
[ 05/24/2022 10:58:29 ] -     -	 ../(DCI)
[ 05/24/2022 10:58:29 ] -     -	 SUMREGX:(?:.*((GOPRO)).*|.*((gopro)).*|.*((Footage)).*|.*((footage)).*|.*((DCI)).*|)
 cOM.log
-------------------------------------
Log Saved 05-24-202210-58+02:00
-------------------------------------

[ 05/24/2022 10:59:53 ] -DEBUG-	 SRCDIR: F:\MediaProjects\Videos 1

[ 05/24/2022 10:59:53 ] -     -	 DESTDIR: C:\Users\wesle\OneDrive\Video\Kajak Renders

[ 05/24/2022 10:59:53 ] -     -	 EXCLUDED DIR:

[ 05/24/2022 10:59:53 ] -     -	 ../(GOPRO)

[ 05/24/2022 10:59:53 ] -     -	 ../(gopro)

[ 05/24/2022 10:59:53 ] -     -	 ../(Footage)

[ 05/24/2022 10:59:53 ] -     -	 ../(footage)

[ 05/24/2022 10:59:53 ] -     -	 ../(DCI)

[ 05/24/2022 10:59:53 ] -     -	 SUMREGX:(?:.*((GOPRO)).*|.*((gopro)).*|.*((Footage)).*|.*((footage)).*|.*((DCI)).*| )

