[ 05/24/2022 11:00:47 ] -DEBUG-	 SRCDIR: F:\MediaProjects\Videos 1

[ 05/24/2022 11:00:47 ] -     -	 DESTDIR: C:\Users\wesle\OneDrive\Video\Kajak Renders

[ 05/24/2022 11:00:47 ] -     -	 EXCLUDED DIR:

[ 05/24/2022 11:00:47 ] -     -	 ../(GOPRO)

[ 05/24/2022 11:00:47 ] -     -	 ../(gopro)

[ 05/24/2022 11:00:47 ] -     -	 ../(Footage)

[ 05/24/2022 11:00:47 ] -     -	 ../(footage)

[ 05/24/2022 11:00:47 ] -     -	 ../(DCI)

[ 05/24/2022 11:00:47 ] -     -	 SUMREGX:(?:.*((GOPRO)).*|.*((gopro)).*|.*((Footage)).*|.*((footage)).*|.*((DCI)).*| )

[ 05/24/2022 11:00:47 ] -     -	 Starting Search: F:\MediaProjects\Videos\*

[ 05/24/2022 11:02:48 ] -DEBUG-	 SRCDIR: F:\MediaProjects\Videos 1

[ 05/24/2022 11:02:48 ] -     -	 DESTDIR: C:\Users\wesle\OneDrive\Video\Kajak Renders

[ 05/24/2022 11:02:48 ] -     -	 EXCLUDED DIR:

[ 05/24/2022 11:02:48 ] -     -	 ../(GOPRO)

[ 05/24/2022 11:02:48 ] -     -	 ../(gopro)

[ 05/24/2022 11:02:48 ] -     -	 ../(Footage)

[ 05/24/2022 11:02:48 ] -     -	 ../(footage)

[ 05/24/2022 11:02:48 ] -     -	 ../(DCI)

[ 05/24/2022 11:02:48 ] -     -	 SUMREGX:(?:.*((GOPRO)).*|.*((gopro)).*|.*((Footage)).*|.*((footage)).*|.*((DCI)).*| )

[ 05/24/2022 11:02:48 ] -     -	 Starting Search: F:\MediaProjects\Videos\*

[ 05/24/2022 11:02:48 ] -     -	 F:\MediaProjects\Videos\DJI_0003.MP4 

[ 05/24/2022 11:02:48 ] -     -	 Untouched: F:\MediaProjects\Videos\DJI_0003.MP4 

[ 05/24/2022 11:02:48 ] -     -	 F:\MediaProjects\Videos\DJI_0004.MP4 

[ 05/24/2022 11:02:48 ] -     -	 Untouched: F:\MediaProjects\Videos\DJI_0004.MP4 

[ 05/24/2022 11:02:48 ] -     -	 F:\MediaProjects\Videos\DJI_0005.MP4 

[ 05/24/2022 11:02:48 ] -     -	 Untouched: F:\MediaProjects\Videos\DJI_0005.MP4 

[ 05/24/2022 11:02:48 ] -     -	 F:\MediaProjects\Videos\DJI_0006.MP4 

[ 05/24/2022 11:02:48 ] -     -	 Untouched: F:\MediaProjects\Videos\DJI_0006.MP4 

[ 05/24/2022 11:02:48 ] -     -	 F:\MediaProjects\Videos\DJI_0007.MP4 

[ 05/24/2022 11:02:48 ] -     -	 Untouched: F:\MediaProjects\Videos\DJI_0007.MP4 

[ 05/24/2022 11:02:48 ] -     -	 F:\MediaProjects\Videos\DJI_0008.MP4 

[ 05/24/2022 11:02:48 ] -     -	 Untouched: F:\MediaProjects\Videos\DJI_0008.MP4 

[ 05/24/2022 11:02:48 ] -     -	 F:\MediaProjects\Videos\DJI_0009.MP4 

[ 05/24/2022 11:02:48 ] -     -	 Untouched: F:\MediaProjects\Videos\DJI_0009.MP4 

[ 05/24/2022 11:02:48 ] -     -	 F:\MediaProjects\Videos\DJI_0010.MP4 

[ 05/24/2022 11:02:48 ] -     -	 Untouched: F:\MediaProjects\Videos\DJI_0010.MP4 

[ 05/24/2022 11:02:48 ] -     -	 F:\MediaProjects\Videos\DJI_0011.MP4 

[ 05/24/2022 11:02:48 ] -     -	 Untouched: F:\MediaProjects\Videos\DJI_0011.MP4 

[ 05/24/2022 11:02:48 ] -     -	 F:\MediaProjects\Videos\DJI_0012.MP4 

[ 05/24/2022 11:02:48 ] -     -	 Untouched: F:\MediaProjects\Videos\DJI_0012.MP4 

[ 05/24/2022 11:02:48 ] -     -	 F:\MediaProjects\Videos\dronerender1.mp4 

[ 05/24/2022 11:02:48 ] -     -	 Untouched: F:\MediaProjects\Videos\dronerender1.mp4 

[ 05/24/2022 11:02:48 ] -     -	 F:\MediaProjects\Videos\DJI_0013.MP4 

[ 05/24/2022 11:02:48 ] -     -	 Untouched: F:\MediaProjects\Videos\DJI_0013.MP4 

[ 05/24/2022 11:02:48 ] -     -	 F:\MediaProjects\Videos\DJI_0014.MP4 

[ 05/24/2022 11:02:48 ] -     -	 Untouched: F:\MediaProjects\Videos\DJI_0014.MP4 

[ 05/24/2022 11:02:48 ] -     -	 F:\MediaProjects\Videos\DJI_0015.MP4 

[ 05/24/2022 11:02:48 ] -     -	 Untouched: F:\MediaProjects\Videos\DJI_0015.MP4 

[ 05/24/2022 11:02:48 ] -     -	 F:\MediaProjects\Videos\DJI_0016.MP4 

[ 05/24/2022 11:02:48 ] -     -	 Untouched: F:\MediaProjects\Videos\DJI_0016.MP4 

[ 05/24/2022 11:02:48 ] -     -	 F:\MediaProjects\Videos\DJI_0017.MP4 

[ 05/24/2022 11:02:48 ] -     -	 Untouched: F:\MediaProjects\Videos\DJI_0017.MP4 

[ 05/24/2022 11:02:48 ] -     -	 F:\MediaProjects\Videos\DJI_0018.MP4 

[ 05/24/2022 11:02:48 ] -     -	 Untouched: F:\MediaProjects\Videos\DJI_0018.MP4 

[ 05/24/2022 11:02:48 ] -     -	 F:\MediaProjects\Videos\DJI_0019.MP4 

[ 05/24/2022 11:02:48 ] -     -	 Untouched: F:\MediaProjects\Videos\DJI_0019.MP4 

[ 05/24/2022 11:02:48 ] -     -	 F:\MediaProjects\Videos\DJI_0020.MP4 

[ 05/24/2022 11:02:48 ] -     -	 Untouched: F:\MediaProjects\Videos\DJI_0020.MP4 

[ 05/24/2022 11:02:48 ] -     -	 F:\MediaProjects\Videos\DJI_0021.MP4 

[ 05/24/2022 11:02:48 ] -     -	 Untouched: F:\MediaProjects\Videos\DJI_0021.MP4 

[ 05/24/2022 11:02:48 ] -     -	 F:\MediaProjects\Videos\DJI_0022.MP4 

[ 05/24/2022 11:02:48 ] -     -	 Untouched: F:\MediaProjects\Videos\DJI_0022.MP4 

[ 05/24/2022 11:02:48 ] -     -	 F:\MediaProjects\Videos\DJI_0023.MP4 

[ 05/24/2022 11:02:48 ] -     -	 Untouched: F:\MediaProjects\Videos\DJI_0023.MP4 

[ 05/24/2022 11:02:48 ] -     -	 F:\MediaProjects\Videos\DJI_0024.MP4 

[ 05/24/2022 11:02:48 ] -     -	 Untouched: F:\MediaProjects\Videos\DJI_0024.MP4 

[ 05/24/2022 11:02:48 ] -     -	 F:\MediaProjects\Videos\SaalachDrone2.mp4 

[ 05/24/2022 11:02:48 ] -     -	 Untouched: F:\MediaProjects\Videos\SaalachDrone2.mp4 

[ 05/24/2022 11:02:48 ] -     -	 F:\MediaProjects\Videos\DJI_0030.mp4 

[ 05/24/2022 11:02:48 ] -     -	 Untouched: F:\MediaProjects\Videos\DJI_0030.mp4 

[ 05/24/2022 11:02:48 ] -     -	 F:\MediaProjects\Videos\snowangel.mp4 

[ 05/24/2022 11:02:48 ] -     -	 Untouched: F:\MediaProjects\Videos\snowangel.mp4 

[ 05/24/2022 11:02:48 ] -     -	 F:\MediaProjects\Videos\DJI_0025.MP4 

[ 05/24/2022 11:02:48 ] -     -	 Untouched: F:\MediaProjects\Videos\DJI_0025.MP4 

[ 05/24/2022 11:02:48 ] -     -	 F:\MediaProjects\Videos\DJI_0026.MP4 

[ 05/24/2022 11:02:48 ] -     -	 Untouched: F:\MediaProjects\Videos\DJI_0026.MP4 

[ 05/24/2022 11:02:49 ] -     -	 F:\MediaProjects\Videos\DJI_0027.MP4 

[ 05/24/2022 11:02:49 ] -     -	 Untouched: F:\MediaProjects\Videos\DJI_0027.MP4 

[ 05/24/2022 11:02:49 ] -     -	 F:\MediaProjects\Videos\DJI_0028.MP4 

[ 05/24/2022 11:02:49 ] -     -	 Untouched: F:\MediaProjects\Videos\DJI_0028.MP4 

[ 05/24/2022 11:02:49 ] -     -	 F:\MediaProjects\Videos\DJI_0029.MP4 

[ 05/24/2022 11:02:49 ] -     -	 Untouched: F:\MediaProjects\Videos\DJI_0029.MP4 

[ 05/24/2022 11:02:49 ] -     -	 F:\MediaProjects\Videos\DJI_0030.MP4 

[ 05/24/2022 11:02:49 ] -     -	 Untouched: F:\MediaProjects\Videos\DJI_0030.MP4 

[ 05/24/2022 11:02:49 ] -     -	 F:\MediaProjects\Videos\DJI_0031.MP4 

[ 05/24/2022 11:02:49 ] -     -	 Untouched: F:\MediaProjects\Videos\DJI_0031.MP4 

[ 05/24/2022 11:02:49 ] -     -	 F:\MediaProjects\Videos\DJI_0032.MP4 

[ 05/24/2022 11:02:49 ] -     -	 Untouched: F:\MediaProjects\Videos\DJI_0032.MP4 

[ 05/24/2022 11:02:49 ] -     -	 F:\MediaProjects\Videos\DJI_0033.MP4 

[ 05/24/2022 11:02:49 ] -     -	 Untouched: F:\MediaProjects\Videos\DJI_0033.MP4 

[ 05/24/2022 11:02:49 ] -     -	 F:\MediaProjects\Videos\DJI_0034.MP4 

[ 05/24/2022 11:02:49 ] -     -	 Untouched: F:\MediaProjects\Videos\DJI_0034.MP4 

[ 05/24/2022 11:02:49 ] -     -	 F:\MediaProjects\Videos\DJI_0035.MP4 

[ 05/24/2022 11:02:49 ] -     -	 Untouched: F:\MediaProjects\Videos\DJI_0035.MP4 

[ 05/24/2022 11:02:49 ] -     -	 F:\MediaProjects\Videos\DJI_0036.MP4 

[ 05/24/2022 11:02:49 ] -     -	 Untouched: F:\MediaProjects\Videos\DJI_0036.MP4 

[ 05/24/2022 11:02:49 ] -     -	 F:\MediaProjects\Videos\DJI_0037.MP4 

[ 05/24/2022 11:02:49 ] -     -	 Untouched: F:\MediaProjects\Videos\DJI_0037.MP4 

[ 05/24/2022 11:02:49 ] -     -	 F:\MediaProjects\Videos\DJI_0038.MP4 

[ 05/24/2022 11:02:49 ] -     -	 Untouched: F:\MediaProjects\Videos\DJI_0038.MP4 

[ 05/24/2022 11:02:49 ] -     -	 F:\MediaProjects\Videos\DJI_0039.MP4 

[ 05/24/2022 11:02:49 ] -     -	 Untouched: F:\MediaProjects\Videos\DJI_0039.MP4 

[ 05/24/2022 11:02:49 ] -     -	 F:\MediaProjects\Videos\DJI_0040.MP4 

[ 05/24/2022 11:02:49 ] -     -	 Untouched: F:\MediaProjects\Videos\DJI_0040.MP4 

[ 05/24/2022 11:02:49 ] -     -	 F:\MediaProjects\Videos\DJI_0041.MP4 

[ 05/24/2022 11:02:49 ] -     -	 Untouched: F:\MediaProjects\Videos\DJI_0041.MP4 

[ 05/24/2022 11:02:49 ] -     -	 F:\MediaProjects\Videos\DJI_0042.MP4 

[ 05/24/2022 11:02:49 ] -     -	 Untouched: F:\MediaProjects\Videos\DJI_0042.MP4 

[ 05/24/2022 11:02:49 ] -     -	 F:\MediaProjects\Videos\DJI_0043.MP4 

[ 05/24/2022 11:02:49 ] -     -	 Untouched: F:\MediaProjects\Videos\DJI_0043.MP4 

[ 05/24/2022 11:02:49 ] -     -	 F:\MediaProjects\Videos\DJI_0044.MP4 

[ 05/24/2022 11:02:49 ] -     -	 Untouched: F:\MediaProjects\Videos\DJI_0044.MP4 

[ 05/24/2022 11:02:49 ] -     -	 F:\MediaProjects\Videos\DJI_0045.MP4 

[ 05/24/2022 11:02:49 ] -     -	 Untouched: F:\MediaProjects\Videos\DJI_0045.MP4 

[ 05/24/2022 11:02:49 ] -     -	 F:\MediaProjects\Videos\DJI_0046.MP4 

[ 05/24/2022 11:02:49 ] -     -	 Untouched: F:\MediaProjects\Videos\DJI_0046.MP4 

[ 05/24/2022 11:02:49 ] -     -	 F:\MediaProjects\Videos\DJI_0047.MP4 

[ 05/24/2022 11:02:49 ] -     -	 Untouched: F:\MediaProjects\Videos\DJI_0047.MP4 

[ 05/24/2022 11:02:49 ] -     -	 F:\MediaProjects\Videos\DJI_0048.MP4 

[ 05/24/2022 11:02:49 ] -     -	 Untouched: F:\MediaProjects\Videos\DJI_0048.MP4 

[ 05/24/2022 11:02:49 ] -     -	 F:\MediaProjects\Videos\rolfdrone.mp4 

[ 05/24/2022 11:02:49 ] -     -	 Untouched: F:\MediaProjects\Videos\rolfdrone.mp4 

[ 05/24/2022 11:02:49 ] -     -	 F:\MediaProjects\Videos\wesloferclip.mp4 

[ 05/24/2022 11:02:49 ] -     -	 Untouched: F:\MediaProjects\Videos\wesloferclip.mp4 

[ 05/24/2022 11:02:49 ] -     -	 F:\MediaProjects\Videos\hungaria.mp4 

[ 05/24/2022 11:02:49 ] -     -	 Untouched: F:\MediaProjects\Videos\hungaria.mp4 

[ 05/24/2022 11:02:49 ] -     -	 F:\MediaProjects\Videos\Counter-strike  Global Offensive 2021.12.09 - 23.53.18.05.DVR.mp4 

[ 05/24/2022 11:02:49 ] -     -	 Ignored: F:\MediaProjects\Videos\Counter-strike  Global Offensive 2021.12.09 - 23.53.18.05.DVR.mp4 

[ 05/24/2022 11:02:49 ] -     -	 F:\MediaProjects\Videos\Counter-strike  Global Offensive 2021.12.11 - 21.47.47.12.DVR.mp4 

[ 05/24/2022 11:02:49 ] -     -	 Ignored: F:\MediaProjects\Videos\Counter-strike  Global Offensive 2021.12.11 - 21.47.47.12.DVR.mp4 

[ 05/24/2022 11:02:49 ] -     -	 F:\MediaProjects\Videos\Counter-strike  Global Offensive 2021.12.20 - 21.13.28.05.DVR.mp4 

[ 05/24/2022 11:02:49 ] -     -	 Ignored: F:\MediaProjects\Videos\Counter-strike  Global Offensive 2021.12.20 - 21.13.28.05.DVR.mp4 

[ 05/24/2022 11:02:49 ] -     -	 F:\MediaProjects\Videos\Counter-strike  Global Offensive 2021.12.22 - 22.19.11.08.DVR.mp4 

[ 05/24/2022 11:02:49 ] -     -	 Ignored: F:\MediaProjects\Videos\Counter-strike  Global Offensive 2021.12.22 - 22.19.11.08.DVR.mp4 

[ 05/24/2022 11:02:49 ] -     -	 F:\MediaProjects\Videos\Counter-strike  Global Offensive 2021.12.22 - 22.25.25.09.DVR.mp4 

[ 05/24/2022 11:02:49 ] -     -	 Ignored: F:\MediaProjects\Videos\Counter-strike  Global Offensive 2021.12.22 - 22.25.25.09.DVR.mp4 

[ 05/24/2022 11:02:49 ] -     -	 F:\MediaProjects\Videos\Counter-strike  Global Offensive 2021.12.24 - 14.46.11.16.DVR.mp4 

[ 05/24/2022 11:02:49 ] -     -	 Ignored: F:\MediaProjects\Videos\Counter-strike  Global Offensive 2021.12.24 - 14.46.11.16.DVR.mp4 

[ 05/24/2022 11:02:49 ] -     -	 F:\MediaProjects\Videos\Counter-strike  Global Offensive 2022.01.02 - 17.30.23.09.DVR.mp4 

[ 05/24/2022 11:02:49 ] -     -	 Ignored: F:\MediaProjects\Videos\Counter-strike  Global Offensive 2022.01.02 - 17.30.23.09.DVR.mp4 

[ 05/24/2022 11:02:49 ] -     -	 F:\MediaProjects\Videos\[1] iJ_202203181237_OG#DJI0003.MP4 

[ 05/24/2022 11:02:49 ] -     -	 Ignored: F:\MediaProjects\Videos\[1] iJ_202203181237_OG#DJI0003.MP4 

[ 05/24/2022 11:02:49 ] -     -	 F:\MediaProjects\Videos\[1] iJ_202203181237_OG#DJI0004.MP4 

[ 05/24/2022 11:02:49 ] -     -	 Ignored: F:\MediaProjects\Videos\[1] iJ_202203181237_OG#DJI0004.MP4 

[ 05/24/2022 11:02:49 ] -     -	 F:\MediaProjects\Videos\[1] iJ_202203181238_OG#DJI0005.MP4 

[ 05/24/2022 11:02:49 ] -     -	 Ignored: F:\MediaProjects\Videos\[1] iJ_202203181238_OG#DJI0005.MP4 

[ 05/24/2022 11:02:49 ] -     -	 F:\MediaProjects\Videos\[1] iJ_202203181238_OG#DJI0006.MP4 

[ 05/24/2022 11:02:49 ] -     -	 Ignored: F:\MediaProjects\Videos\[1] iJ_202203181238_OG#DJI0006.MP4 

[ 05/24/2022 11:02:49 ] -     -	 F:\MediaProjects\Videos\[1] iJ_202203181238_OG#DJI0007.MP4 

[ 05/24/2022 11:02:49 ] -     -	 Ignored: F:\MediaProjects\Videos\[1] iJ_202203181238_OG#DJI0007.MP4 

[ 05/24/2022 11:02:49 ] -     -	 F:\MediaProjects\Videos\[1] iJ_202203181238_OG#DJI0008.MP4 

[ 05/24/2022 11:02:49 ] -     -	 Ignored: F:\MediaProjects\Videos\[1] iJ_202203181238_OG#DJI0008.MP4 

[ 05/24/2022 11:02:49 ] -     -	 F:\MediaProjects\Videos\[4] lammer_202203181905_OG#GH013676.MP4 

[ 05/24/2022 11:02:49 ] -     -	 Ignored: F:\MediaProjects\Videos\[4] lammer_202203181905_OG#GH013676.MP4 

[ 05/24/2022 11:02:49 ] -     -	 F:\MediaProjects\Videos\[4] lammer_202203181905_OG#GH013677.MP4 

[ 05/24/2022 11:02:49 ] -     -	 Ignored: F:\MediaProjects\Videos\[4] lammer_202203181905_OG#GH013677.MP4 

[ 05/24/2022 11:02:49 ] -     -	 F:\MediaProjects\Videos\[4] lammer_202203181911_OG#GH013678.MP4 

[ 05/24/2022 11:02:49 ] -     -	 Ignored: F:\MediaProjects\Videos\[4] lammer_202203181911_OG#GH013678.MP4 

[ 05/24/2022 11:02:49 ] -     -	 F:\MediaProjects\Videos\[4] lammer_202203181911_OG#GH023677.MP4 

[ 05/24/2022 11:02:49 ] -     -	 Ignored: F:\MediaProjects\Videos\[4] lammer_202203181911_OG#GH023677.MP4 

[ 05/24/2022 11:02:49 ] -     -	 F:\MediaProjects\Videos\[4] lammer_202203181917_OG#GH023678.MP4 

[ 05/24/2022 11:02:49 ] -     -	 Ignored: F:\MediaProjects\Videos\[4] lammer_202203181917_OG#GH023678.MP4 

[ 05/24/2022 11:02:49 ] -     -	 F:\MediaProjects\Videos\lammeröfenronny.mp4 

[ 05/24/2022 11:02:49 ] -     -	 Untouched: F:\MediaProjects\Videos\lammeröfenronny.mp4 

[ 05/24/2022 11:02:49 ] -     -	 F:\MediaProjects\Videos\[1] test_202203181239_OG#DJI0003.MP4 

[ 05/24/2022 11:02:49 ] -     -	 Ignored: F:\MediaProjects\Videos\[1] test_202203181239_OG#DJI0003.MP4 

[ 05/24/2022 11:02:49 ] -     -	 F:\MediaProjects\Videos\[1] test_202203181239_OG#DJI0004.MP4 

[ 05/24/2022 11:02:49 ] -     -	 Ignored: F:\MediaProjects\Videos\[1] test_202203181239_OG#DJI0004.MP4 

[ 05/24/2022 11:02:49 ] -     -	 F:\MediaProjects\Videos\[1] test_202203181239_OG#DJI0005.MP4 

[ 05/24/2022 11:02:49 ] -     -	 Ignored: F:\MediaProjects\Videos\[1] test_202203181239_OG#DJI0005.MP4 

[ 05/24/2022 11:02:49 ] -     -	 F:\MediaProjects\Videos\[1] test_202203181239_OG#DJI0006.MP4 

[ 05/24/2022 11:02:49 ] -     -	 Ignored: F:\MediaProjects\Videos\[1] test_202203181239_OG#DJI0006.MP4 

[ 05/24/2022 11:02:49 ] -     -	 F:\MediaProjects\Videos\[1] test_202203181239_OG#DJI0007.MP4 

[ 05/24/2022 11:02:49 ] -     -	 Ignored: F:\MediaProjects\Videos\[1] test_202203181239_OG#DJI0007.MP4 

[ 05/24/2022 11:02:49 ] -     -	 F:\MediaProjects\Videos\[1] test_202203181239_OG#DJI0008.MP4 

[ 05/24/2022 11:02:49 ] -     -	 Ignored: F:\MediaProjects\Videos\[1] test_202203181239_OG#DJI0008.MP4 

[ 05/24/2022 11:02:49 ] -     -	 F:\MediaProjects\Videos\[1] lammerMax_202203251915_OG#GH013679.MP4 

[ 05/24/2022 11:02:49 ] -     -	 Ignored: F:\MediaProjects\Videos\[1] lammerMax_202203251915_OG#GH013679.MP4 

[ 05/24/2022 11:02:49 ] -     -	 F:\MediaProjects\Videos\[1] lammerMax_202203251919_OG#GH013680.MP4 

[ 05/24/2022 11:02:49 ] -     -	 Ignored: F:\MediaProjects\Videos\[1] lammerMax_202203251919_OG#GH013680.MP4 

[ 05/24/2022 11:02:49 ] -     -	 F:\MediaProjects\Videos\[1] lammerMax_202203251921_OG#GH013681.MP4 

[ 05/24/2022 11:02:49 ] -     -	 Ignored: F:\MediaProjects\Videos\[1] lammerMax_202203251921_OG#GH013681.MP4 

[ 05/24/2022 11:02:49 ] -     -	 F:\MediaProjects\Videos\[1] lammerMax_202203251925_OG#GH013682.MP4 

[ 05/24/2022 11:02:49 ] -     -	 Ignored: F:\MediaProjects\Videos\[1] lammerMax_202203251925_OG#GH013682.MP4 

[ 05/24/2022 11:02:49 ] -     -	 F:\MediaProjects\Videos\[1] lammerMax_202203251925_OG#GH013683.MP4 

[ 05/24/2022 11:02:49 ] -     -	 Ignored: F:\MediaProjects\Videos\[1] lammerMax_202203251925_OG#GH013683.MP4 

[ 05/24/2022 11:02:49 ] -     -	 F:\MediaProjects\Videos\[1] lammerMax_202203251925_OG#GH013684.MP4 

[ 05/24/2022 11:02:49 ] -     -	 Ignored: F:\MediaProjects\Videos\[1] lammerMax_202203251925_OG#GH013684.MP4 

[ 05/24/2022 11:02:49 ] -     -	 F:\MediaProjects\Videos\[1] lammerMax_202203251931_OG#GH013685.MP4 

[ 05/24/2022 11:02:49 ] -     -	 Ignored: F:\MediaProjects\Videos\[1] lammerMax_202203251931_OG#GH013685.MP4 

[ 05/24/2022 11:02:49 ] -     -	 F:\MediaProjects\Videos\[1] lammerMax_202203251931_OG#GH023684.MP4 

[ 05/24/2022 11:02:49 ] -     -	 Ignored: F:\MediaProjects\Videos\[1] lammerMax_202203251931_OG#GH023684.MP4 

[ 05/24/2022 11:02:49 ] -     -	 F:\MediaProjects\Videos\xx.MP4 

[ 05/24/2022 11:02:49 ] -     -	 Untouched: F:\MediaProjects\Videos\xx.MP4 

[ 05/24/2022 11:02:49 ] -     -	 F:\MediaProjects\Videos\[1] koppirolfmartin_202204181918_OG#GH013687.MP4 

[ 05/24/2022 11:02:49 ] -     -	 Ignored: F:\MediaProjects\Videos\[1] koppirolfmartin_202204181918_OG#GH013687.MP4 

[ 05/24/2022 11:02:49 ] -     -	 F:\MediaProjects\Videos\[1] koppirolfmartin_202204181920_OG#GH023687.MP4 

[ 05/24/2022 11:02:49 ] -     -	 Ignored: F:\MediaProjects\Videos\[1] koppirolfmartin_202204181920_OG#GH023687.MP4 

[ 05/24/2022 11:02:49 ] -     -	 F:\MediaProjects\Videos\[1] koppirolfmartin_202204181922_OG#GH013688.MP4 

[ 05/24/2022 11:02:49 ] -     -	 Ignored: F:\MediaProjects\Videos\[1] koppirolfmartin_202204181922_OG#GH013688.MP4 

[ 05/24/2022 11:02:49 ] -     -	 F:\MediaProjects\Videos\[1] koppirolfmartin_202204181924_OG#GH023688.MP4 

[ 05/24/2022 11:02:49 ] -     -	 Ignored: F:\MediaProjects\Videos\[1] koppirolfmartin_202204181924_OG#GH023688.MP4 

[ 05/24/2022 11:02:49 ] -     -	 F:\MediaProjects\Videos\[1] koppirolfmartin_202204181927_OG#GH033688.MP4 

[ 05/24/2022 11:02:49 ] -     -	 Ignored: F:\MediaProjects\Videos\[1] koppirolfmartin_202204181927_OG#GH033688.MP4 

[ 05/24/2022 11:02:49 ] -     -	 F:\MediaProjects\Videos\[3] testnew_202205131625_OG#[1] koppirolfmartin_202204181917_OG#GH013686.MP4 

[ 05/24/2022 11:02:49 ] -     -	 Ignored: F:\MediaProjects\Videos\[3] testnew_202205131625_OG#[1] koppirolfmartin_202204181917_OG#GH013686.MP4 

[ 05/24/2022 11:02:49 ] -     -	 F:\MediaProjects\Videos\[3] testnew_202205131625_OG#[1] koppirolfmartin_202204181918_OG#GH013687.MP4 

[ 05/24/2022 11:02:49 ] -     -	 Ignored: F:\MediaProjects\Videos\[3] testnew_202205131625_OG#[1] koppirolfmartin_202204181918_OG#GH013687.MP4 

[ 05/24/2022 11:02:49 ] -     -	 F:\MediaProjects\Videos\[3] testnew_202205131625_OG#[1] koppirolfmartin_202204181920_OG#GH023687.MP4 

[ 05/24/2022 11:02:49 ] -     -	 Ignored: F:\MediaProjects\Videos\[3] testnew_202205131625_OG#[1] koppirolfmartin_202204181920_OG#GH023687.MP4 

[ 05/24/2022 11:02:49 ] -     -	 F:\MediaProjects\Videos\[3] testnew_202205131626_OG#[1] koppirolfmartin_202204181922_OG#GH013688.MP4 

[ 05/24/2022 11:02:49 ] -     -	 Ignored: F:\MediaProjects\Videos\[3] testnew_202205131626_OG#[1] koppirolfmartin_202204181922_OG#GH013688.MP4 

[ 05/24/2022 11:02:49 ] -     -	 F:\MediaProjects\Videos\[3] testnew_202205131626_OG#[1] koppirolfmartin_202204181924_OG#GH023688.MP4 

[ 05/24/2022 11:02:49 ] -     -	 Ignored: F:\MediaProjects\Videos\[3] testnew_202205131626_OG#[1] koppirolfmartin_202204181924_OG#GH023688.MP4 

[ 05/24/2022 11:02:49 ] -     -	 F:\MediaProjects\Videos\[3] testnew_202205131626_OG#[1] koppirolfmartin_202204181927_OG#GH033688.MP4 

[ 05/24/2022 11:02:49 ] -     -	 Ignored: F:\MediaProjects\Videos\[3] testnew_202205131626_OG#[1] koppirolfmartin_202204181927_OG#GH033688.MP4 

[ 05/24/2022 11:02:49 ] -     -	 F:\MediaProjects\Videos\[1] vro_202205211703_OG#GH013686.MP4 

[ 05/24/2022 11:02:49 ] -     -	 Ignored: F:\MediaProjects\Videos\[1] vro_202205211703_OG#GH013686.MP4 

[ 05/24/2022 11:02:49 ] -     -	 F:\MediaProjects\Videos\[1] vro_202205211704_OG#GH013687.MP4 

[ 05/24/2022 11:02:49 ] -     -	 Ignored: F:\MediaProjects\Videos\[1] vro_202205211704_OG#GH013687.MP4 

[ 05/24/2022 11:02:49 ] -     -	 F:\MediaProjects\Videos\[1] vro_202205211707_OG#GH023687.MP4 

[ 05/24/2022 11:02:49 ] -     -	 Ignored: F:\MediaProjects\Videos\[1] vro_202205211707_OG#GH023687.MP4 

[ 05/24/2022 11:02:49 ] -     -	 F:\MediaProjects\Videos\[1] vro_202205211710_OG#GH013688.MP4 

[ 05/24/2022 11:02:49 ] -     -	 Ignored: F:\MediaProjects\Videos\[1] vro_202205211710_OG#GH013688.MP4 

[ 05/24/2022 11:02:49 ] -     -	 F:\MediaProjects\Videos\[1] vro_202205211716_OG#GH023688.MP4 

[ 05/24/2022 11:02:49 ] -     -	 Ignored: F:\MediaProjects\Videos\[1] vro_202205211716_OG#GH023688.MP4 

[ 05/24/2022 11:02:49 ] -     -	 F:\MediaProjects\Videos\[1] vro_202205211723_OG#GH033688.MP4 

[ 05/24/2022 11:02:49 ] -     -	 Ignored: F:\MediaProjects\Videos\[1] vro_202205211723_OG#GH033688.MP4 

[ 05/24/2022 11:02:49 ] -     -	 F:\MediaProjects\Videos\[1] vro_202205211726_OG#GH013689.MP4 

[ 05/24/2022 11:02:49 ] -     -	 Ignored: F:\MediaProjects\Videos\[1] vro_202205211726_OG#GH013689.MP4 

[ 05/24/2022 11:02:49 ] -     -	 F:\MediaProjects\Videos\[1] vro_202205211730_OG#GH013690.MP4 

[ 05/24/2022 11:02:49 ] -     -	 Ignored: F:\MediaProjects\Videos\[1] vro_202205211730_OG#GH013690.MP4 

[ 05/24/2022 11:02:49 ] -     -	 F:\MediaProjects\Videos\[1] vro_202205211732_OG#GH013691.MP4 

[ 05/24/2022 11:02:49 ] -     -	 Ignored: F:\MediaProjects\Videos\[1] vro_202205211732_OG#GH013691.MP4 

[ 05/24/2022 11:02:49 ] -     -	 F:\MediaProjects\Videos\[1] vro_202205211734_OG#GH013692.MP4 

[ 05/24/2022 11:02:49 ] -     -	 Ignored: F:\MediaProjects\Videos\[1] vro_202205211734_OG#GH013692.MP4 

[ 05/24/2022 11:06:16 ] -     -	 SRCDIR: F:\MediaProjects\Videos

[ 05/24/2022 11:06:16 ] -     -	 DESTDIR: C:\Users\wesle\OneDrive\Video\Kajak Renders

[ 05/24/2022 11:06:16 ] -     -	 EXCLUDED DIR:

[ 05/24/2022 11:06:16 ] -     -	 ../(GOPRO)

[ 05/24/2022 11:06:16 ] -     -	 ../(gopro)

[ 05/24/2022 11:06:16 ] -     -	 ../(Footage)

[ 05/24/2022 11:06:16 ] -     -	 ../(footage)

[ 05/24/2022 11:06:16 ] -     -	 ../(DCI)

[ 05/24/2022 11:06:16 ] -     -	 SUMREGX:(?:.*((GOPRO)).*|.*((gopro)).*|.*((Footage)).*|.*((footage)).*|.*((DCI)).*| )

[ 05/24/2022 11:06:16 ] -     -	 Starting Search: F:\MediaProjects\Videos\*

[ 05/24/2022 11:06:16 ] -     -	 Copying file: F:\MediaProjects\Videos\DJI_0003.MP4 to: C:\Users\wesle\OneDrive\Video\Kajak Renders

[ 05/24/2022 11:06:16 ] -     -	 Copying file: F:\MediaProjects\Videos\DJI_0004.MP4 to: C:\Users\wesle\OneDrive\Video\Kajak Renders

[ 05/24/2022 11:06:16 ] -     -	 Copying file: F:\MediaProjects\Videos\DJI_0005.MP4 to: C:\Users\wesle\OneDrive\Video\Kajak Renders

[ 05/24/2022 11:06:16 ] -     -	 Copying file: F:\MediaProjects\Videos\DJI_0006.MP4 to: C:\Users\wesle\OneDrive\Video\Kajak Renders

[ 05/24/2022 11:06:16 ] -     -	 Copying file: F:\MediaProjects\Videos\DJI_0007.MP4 to: C:\Users\wesle\OneDrive\Video\Kajak Renders

[ 05/24/2022 11:06:16 ] -     -	 Copying file: F:\MediaProjects\Videos\DJI_0008.MP4 to: C:\Users\wesle\OneDrive\Video\Kajak Renders

[ 05/24/2022 11:06:16 ] -     -	 Copying file: F:\MediaProjects\Videos\DJI_0009.MP4 to: C:\Users\wesle\OneDrive\Video\Kajak Renders

[ 05/24/2022 11:06:16 ] -     -	 Copying file: F:\MediaProjects\Videos\DJI_0010.MP4 to: C:\Users\wesle\OneDrive\Video\Kajak Renders

[ 05/24/2022 11:06:16 ] -     -	 Copying file: F:\MediaProjects\Videos\DJI_0011.MP4 to: C:\Users\wesle\OneDrive\Video\Kajak Renders

[ 05/24/2022 11:06:16 ] -     -	 Copying file: F:\MediaProjects\Videos\DJI_0012.MP4 to: C:\Users\wesle\OneDrive\Video\Kajak Renders

[ 05/24/2022 11:06:16 ] -     -	 Copying file: F:\MediaProjects\Videos\dronerender1.mp4 to: C:\Users\wesle\OneDrive\Video\Kajak Renders

[ 05/24/2022 11:06:16 ] -     -	 Copying file: F:\MediaProjects\Videos\DJI_0013.MP4 to: C:\Users\wesle\OneDrive\Video\Kajak Renders

[ 05/24/2022 11:06:16 ] -     -	 Copying file: F:\MediaProjects\Videos\DJI_0014.MP4 to: C:\Users\wesle\OneDrive\Video\Kajak Renders

[ 05/24/2022 11:06:16 ] -     -	 Copying file: F:\MediaProjects\Videos\DJI_0015.MP4 to: C:\Users\wesle\OneDrive\Video\Kajak Renders

[ 05/24/2022 11:06:16 ] -     -	 Copying file: F:\MediaProjects\Videos\DJI_0016.MP4 to: C:\Users\wesle\OneDrive\Video\Kajak Renders

[ 05/24/2022 11:06:16 ] -     -	 Copying file: F:\MediaProjects\Videos\DJI_0017.MP4 to: C:\Users\wesle\OneDrive\Video\Kajak Renders

[ 05/24/2022 11:06:16 ] -     -	 Copying file: F:\MediaProjects\Videos\DJI_0018.MP4 to: C:\Users\wesle\OneDrive\Video\Kajak Renders

[ 05/24/2022 11:06:16 ] -     -	 Copying file: F:\MediaProjects\Videos\DJI_0019.MP4 to: C:\Users\wesle\OneDrive\Video\Kajak Renders

[ 05/24/2022 11:06:16 ] -     -	 Copying file: F:\MediaProjects\Videos\DJI_0020.MP4 to: C:\Users\wesle\OneDrive\Video\Kajak Renders

[ 05/24/2022 11:06:16 ] -     -	 Copying file: F:\MediaProjects\Videos\DJI_0021.MP4 to: C:\Users\wesle\OneDrive\Video\Kajak Renders

[ 05/24/2022 11:06:16 ] -     -	 Copying file: F:\MediaProjects\Videos\DJI_0022.MP4 to: C:\Users\wesle\OneDrive\Video\Kajak Renders

[ 05/24/2022 11:06:16 ] -     -	 Copying file: F:\MediaProjects\Videos\DJI_0023.MP4 to: C:\Users\wesle\OneDrive\Video\Kajak Renders

[ 05/24/2022 11:06:16 ] -     -	 Copying file: F:\MediaProjects\Videos\DJI_0024.MP4 to: C:\Users\wesle\OneDrive\Video\Kajak Renders

[ 05/24/2022 11:06:16 ] -     -	 Copying file: F:\MediaProjects\Videos\SaalachDrone2.mp4 to: C:\Users\wesle\OneDrive\Video\Kajak Renders

[ 05/24/2022 11:06:16 ] -     -	 Copying file: F:\MediaProjects\Videos\DJI_0030.mp4 to: C:\Users\wesle\OneDrive\Video\Kajak Renders

[ 05/24/2022 11:06:16 ] -     -	 Copying file: F:\MediaProjects\Videos\snowangel.mp4 to: C:\Users\wesle\OneDrive\Video\Kajak Renders

[ 05/24/2022 11:06:16 ] -     -	 Copying file: F:\MediaProjects\Videos\DJI_0025.MP4 to: C:\Users\wesle\OneDrive\Video\Kajak Renders

[ 05/24/2022 11:06:16 ] -     -	 Copying file: F:\MediaProjects\Videos\DJI_0026.MP4 to: C:\Users\wesle\OneDrive\Video\Kajak Renders

[ 05/24/2022 11:06:16 ] -     -	 Copying file: F:\MediaProjects\Videos\DJI_0027.MP4 to: C:\Users\wesle\OneDrive\Video\Kajak Renders

[ 05/24/2022 11:06:16 ] -     -	 Copying file: F:\MediaProjects\Videos\DJI_0028.MP4 to: C:\Users\wesle\OneDrive\Video\Kajak Renders

[ 05/24/2022 11:06:16 ] -     -	 Copying file: F:\MediaProjects\Videos\DJI_0029.MP4 to: C:\Users\wesle\OneDrive\Video\Kajak Renders

[ 05/24/2022 11:06:16 ] -     -	 Copying file: F:\MediaProjects\Videos\DJI_0030.MP4 to: C:\Users\wesle\OneDrive\Video\Kajak Renders

[ 05/24/2022 11:06:16 ] -     -	 Copying file: F:\MediaProjects\Videos\DJI_0031.MP4 to: C:\Users\wesle\OneDrive\Video\Kajak Renders

[ 05/24/2022 11:06:16 ] -     -	 Copying file: F:\MediaProjects\Videos\DJI_0032.MP4 to: C:\Users\wesle\OneDrive\Video\Kajak Renders

[ 05/24/2022 11:06:16 ] -     -	 Copying file: F:\MediaProjects\Videos\DJI_0033.MP4 to: C:\Users\wesle\OneDrive\Video\Kajak Renders

[ 05/24/2022 11:06:16 ] -     -	 Copying file: F:\MediaProjects\Videos\DJI_0034.MP4 to: C:\Users\wesle\OneDrive\Video\Kajak Renders

[ 05/24/2022 11:06:16 ] -     -	 Copying file: F:\MediaProjects\Videos\DJI_0035.MP4 to: C:\Users\wesle\OneDrive\Video\Kajak Renders

[ 05/24/2022 11:06:17 ] -     -	 Copying file: F:\MediaProjects\Videos\DJI_0036.MP4 to: C:\Users\wesle\OneDrive\Video\Kajak Renders

[ 05/24/2022 11:06:17 ] -     -	 Copying file: F:\MediaProjects\Videos\DJI_0037.MP4 to: C:\Users\wesle\OneDrive\Video\Kajak Renders

[ 05/24/2022 11:06:17 ] -     -	 Copying file: F:\MediaProjects\Videos\DJI_0038.MP4 to: C:\Users\wesle\OneDrive\Video\Kajak Renders

[ 05/24/2022 11:06:17 ] -     -	 Copying file: F:\MediaProjects\Videos\DJI_0039.MP4 to: C:\Users\wesle\OneDrive\Video\Kajak Renders

[ 05/24/2022 11:06:17 ] -     -	 Copying file: F:\MediaProjects\Videos\DJI_0040.MP4 to: C:\Users\wesle\OneDrive\Video\Kajak Renders

[ 05/24/2022 11:06:17 ] -     -	 Copying file: F:\MediaProjects\Videos\DJI_0041.MP4 to: C:\Users\wesle\OneDrive\Video\Kajak Renders

[ 05/24/2022 11:06:17 ] -     -	 Copying file: F:\MediaProjects\Videos\DJI_0042.MP4 to: C:\Users\wesle\OneDrive\Video\Kajak Renders

[ 05/24/2022 11:06:17 ] -     -	 Copying file: F:\MediaProjects\Videos\DJI_0043.MP4 to: C:\Users\wesle\OneDrive\Video\Kajak Renders

[ 05/24/2022 11:06:17 ] -     -	 Copying file: F:\MediaProjects\Videos\DJI_0044.MP4 to: C:\Users\wesle\OneDrive\Video\Kajak Renders

[ 05/24/2022 11:06:17 ] -     -	 Copying file: F:\MediaProjects\Videos\DJI_0045.MP4 to: C:\Users\wesle\OneDrive\Video\Kajak Renders

[ 05/24/2022 11:06:17 ] -     -	 Copying file: F:\MediaProjects\Videos\DJI_0046.MP4 to: C:\Users\wesle\OneDrive\Video\Kajak Renders

[ 05/24/2022 11:06:17 ] -     -	 Copying file: F:\MediaProjects\Videos\DJI_0047.MP4 to: C:\Users\wesle\OneDrive\Video\Kajak Renders

[ 05/24/2022 11:06:17 ] -     -	 Copying file: F:\MediaProjects\Videos\DJI_0048.MP4 to: C:\Users\wesle\OneDrive\Video\Kajak Renders

[ 05/24/2022 11:06:17 ] -     -	 Copying file: F:\MediaProjects\Videos\rolfdrone.mp4 to: C:\Users\wesle\OneDrive\Video\Kajak Renders

[ 05/24/2022 11:06:17 ] -     -	 Copying file: F:\MediaProjects\Videos\wesloferclip.mp4 to: C:\Users\wesle\OneDrive\Video\Kajak Renders

[ 05/24/2022 11:06:17 ] -     -	 Copying file: F:\MediaProjects\Videos\hungaria.mp4 to: C:\Users\wesle\OneDrive\Video\Kajak Renders

[ 05/24/2022 11:06:17 ] -     -	 Ignored: F:\MediaProjects\Videos\Counter-strike  Global Offensive 2021.12.09 - 23.53.18.05.DVR.mp4 

[ 05/24/2022 11:06:17 ] -     -	 Ignored: F:\MediaProjects\Videos\Counter-strike  Global Offensive 2021.12.11 - 21.47.47.12.DVR.mp4 

[ 05/24/2022 11:06:17 ] -     -	 Ignored: F:\MediaProjects\Videos\Counter-strike  Global Offensive 2021.12.20 - 21.13.28.05.DVR.mp4 

[ 05/24/2022 11:06:17 ] -     -	 Ignored: F:\MediaProjects\Videos\Counter-strike  Global Offensive 2021.12.22 - 22.19.11.08.DVR.mp4 

[ 05/24/2022 11:06:17 ] -     -	 Ignored: F:\MediaProjects\Videos\Counter-strike  Global Offensive 2021.12.22 - 22.25.25.09.DVR.mp4 

[ 05/24/2022 11:06:17 ] -     -	 Ignored: F:\MediaProjects\Videos\Counter-strike  Global Offensive 2021.12.24 - 14.46.11.16.DVR.mp4 

[ 05/24/2022 11:06:17 ] -     -	 Ignored: F:\MediaProjects\Videos\Counter-strike  Global Offensive 2022.01.02 - 17.30.23.09.DVR.mp4 

[ 05/24/2022 11:06:17 ] -     -	 Ignored: F:\MediaProjects\Videos\[1] iJ_202203181237_OG#DJI0003.MP4 

[ 05/24/2022 11:06:17 ] -     -	 Ignored: F:\MediaProjects\Videos\[1] iJ_202203181237_OG#DJI0004.MP4 

[ 05/24/2022 11:06:17 ] -     -	 Ignored: F:\MediaProjects\Videos\[1] iJ_202203181238_OG#DJI0005.MP4 

[ 05/24/2022 11:06:17 ] -     -	 Ignored: F:\MediaProjects\Videos\[1] iJ_202203181238_OG#DJI0006.MP4 

[ 05/24/2022 11:06:17 ] -     -	 Ignored: F:\MediaProjects\Videos\[1] iJ_202203181238_OG#DJI0007.MP4 

[ 05/24/2022 11:06:17 ] -     -	 Ignored: F:\MediaProjects\Videos\[1] iJ_202203181238_OG#DJI0008.MP4 

[ 05/24/2022 11:06:17 ] -     -	 Ignored: F:\MediaProjects\Videos\[4] lammer_202203181905_OG#GH013676.MP4 

[ 05/24/2022 11:06:38 ] -     -	 Ignored: F:\MediaProjects\Videos\[4] lammer_202203181905_OG#GH013677.MP4 

[ 05/24/2022 11:06:38 ] -     -	 Ignored: F:\MediaProjects\Videos\[4] lammer_202203181911_OG#GH013678.MP4 

[ 05/24/2022 11:06:38 ] -     -	 Ignored: F:\MediaProjects\Videos\[4] lammer_202203181911_OG#GH023677.MP4 

[ 05/24/2022 11:06:38 ] -     -	 Ignored: F:\MediaProjects\Videos\[4] lammer_202203181917_OG#GH023678.MP4 

[ 05/24/2022 11:06:38 ] -     -	 Copying file: F:\MediaProjects\Videos\lammeröfenrony.mp4 to: C:\Users\wesle\OneDrive\Video\Kajak Renders

[ 05/24/2022 11:06:38 ] -     -	 Ignored: F:\MediaProjects\Videos\[1] test_202203181239_OG#DJI0003.MP4 

[ 05/24/2022 11:06:38 ] -     -	 Ignored: F:\MediaProjects\Videos\[1] test_202203181239_OG#DJI0004.MP4 

[ 05/24/2022 11:06:38 ] -     -	 Ignored: F:\MediaProjects\Videos\[1] test_202203181239_OG#DJI0005.MP4 

[ 05/24/2022 11:06:38 ] -     -	 Ignored: F:\MediaProjects\Videos\[1] test_202203181239_OG#DJI0006.MP4 

[ 05/24/2022 11:06:38 ] -     -	 Ignored: F:\MediaProjects\Videos\[1] test_202203181239_OG#DJI0007.MP4 

[ 05/24/2022 11:06:38 ] -     -	 Ignored: F:\MediaProjects\Videos\[1] test_202203181239_OG#DJI0008.MP4 

[ 05/24/2022 11:06:38 ] -     -	 Ignored: F:\MediaProjects\Videos\[1] lammerMax_202203251915_OG#GH013679.MP4 

[ 05/24/2022 11:06:38 ] -     -	 Ignored: F:\MediaProjects\Videos\[1] lammerMax_202203251919_OG#GH013680.MP4 

[ 05/24/2022 11:06:38 ] -     -	 Ignored: F:\MediaProjects\Videos\[1] lammerMax_202203251921_OG#GH013681.MP4 

[ 05/24/2022 11:06:38 ] -     -	 Ignored: F:\MediaProjects\Videos\[1] lammerMax_202203251925_OG#GH013682.MP4 

[ 05/24/2022 11:06:38 ] -     -	 Ignored: F:\MediaProjects\Videos\[1] lammerMax_202203251925_OG#GH013683.MP4 

[ 05/24/2022 11:06:38 ] -     -	 Ignored: F:\MediaProjects\Videos\[1] lammerMax_202203251925_OG#GH013684.MP4 

[ 05/24/2022 11:06:38 ] -     -	 Ignored: F:\MediaProjects\Videos\[1] lammerMax_202203251931_OG#GH013685.MP4 

[ 05/24/2022 11:06:38 ] -     -	 Ignored: F:\MediaProjects\Videos\[1] lammerMax_202203251931_OG#GH023684.MP4 

[ 05/24/2022 11:06:38 ] -     -	 Copying file: F:\MediaProjects\Videos\xx.MP4 to: C:\Users\wesle\OneDrive\Video\Kajak Renders

[ 05/24/2022 11:06:38 ] -     -	 Ignored: F:\MediaProjects\Videos\[1] koppirolfmartin_202204181918_OG#GH013687.MP4 

[ 05/24/2022 11:06:38 ] -     -	 Ignored: F:\MediaProjects\Videos\[1] koppirolfmartin_202204181920_OG#GH023687.MP4 

[ 05/24/2022 11:06:38 ] -     -	 Ignored: F:\MediaProjects\Videos\[1] koppirolfmartin_202204181922_OG#GH013688.MP4 

[ 05/24/2022 11:06:38 ] -     -	 Ignored: F:\MediaProjects\Videos\[1] koppirolfmartin_202204181924_OG#GH023688.MP4 

[ 05/24/2022 11:06:38 ] -     -	 Ignored: F:\MediaProjects\Videos\[1] koppirolfmartin_202204181927_OG#GH033688.MP4 

[ 05/24/2022 11:06:38 ] -     -	 Ignored: F:\MediaProjects\Videos\[3] testnew_202205131625_OG#[1] koppirolfmartin_202204181917_OG#GH013686.MP4 

[ 05/24/2022 11:06:38 ] -     -	 Ignored: F:\MediaProjects\Videos\[3] testnew_202205131625_OG#[1] koppirolfmartin_202204181918_OG#GH013687.MP4 

[ 05/24/2022 11:06:38 ] -     -	 Ignored: F:\MediaProjects\Videos\[3] testnew_202205131625_OG#[1] koppirolfmartin_202204181920_OG#GH023687.MP4 

[ 05/24/2022 11:06:38 ] -     -	 Ignored: F:\MediaProjects\Videos\[3] testnew_202205131626_OG#[1] koppirolfmartin_202204181922_OG#GH013688.MP4 

[ 05/24/2022 11:06:38 ] -     -	 Ignored: F:\MediaProjects\Videos\[3] testnew_202205131626_OG#[1] koppirolfmartin_202204181924_OG#GH023688.MP4 

[ 05/24/2022 11:06:38 ] -     -	 Ignored: F:\MediaProjects\Videos\[3] testnew_202205131626_OG#[1] koppirolfmartin_202204181927_OG#GH033688.MP4 

[ 05/24/2022 11:06:38 ] -     -	 Ignored: F:\MediaProjects\Videos\[1] vro_202205211703_OG#GH013686.MP4 

[ 05/24/2022 11:06:38 ] -     -	 Ignored: F:\MediaProjects\Videos\[1] vro_202205211704_OG#GH013687.MP4 

[ 05/24/2022 11:06:38 ] -     -	 Ignored: F:\MediaProjects\Videos\[1] vro_202205211707_OG#GH023687.MP4 

[ 05/24/2022 11:06:38 ] -     -	 Ignored: F:\MediaProjects\Videos\[1] vro_202205211710_OG#GH013688.MP4 

[ 05/24/2022 11:06:38 ] -     -	 Ignored: F:\MediaProjects\Videos\[1] vro_202205211716_OG#GH023688.MP4 

[ 05/24/2022 11:06:38 ] -     -	 Ignored: F:\MediaProjects\Videos\[1] vro_202205211723_OG#GH033688.MP4 

[ 05/24/2022 11:06:38 ] -     -	 Ignored: F:\MediaProjects\Videos\[1] vro_202205211726_OG#GH013689.MP4 

[ 05/24/2022 11:06:38 ] -     -	 Ignored: F:\MediaProjects\Videos\[1] vro_202205211730_OG#GH013690.MP4 

[ 05/24/2022 11:06:38 ] -     -	 Ignored: F:\MediaProjects\Videos\[1] vro_202205211732_OG#GH013691.MP4 

[ 05/24/2022 11:06:38 ] -     -	 Ignored: F:\MediaProjects\Videos\[1] vro_202205211734_OG#GH013692.MP4 

[ 05/24/2022 11:07:54 ] -     -	 SRCDIR: F:\MediaProjects\Videos

[ 05/24/2022 11:07:54 ] -     -	 DESTDIR: C:\Users\wesle\OneDrive\Video\Kajak Renders

[ 05/24/2022 11:07:54 ] -     -	 EXCLUDED DIR:

[ 05/24/2022 11:07:54 ] -     -	 ../(GOPRO)

[ 05/24/2022 11:07:54 ] -     -	 ../(gopro)

[ 05/24/2022 11:07:54 ] -     -	 ../(Footage)

[ 05/24/2022 11:07:54 ] -     -	 ../(footage)

[ 05/24/2022 11:07:54 ] -     -	 ../(DCI)

[ 05/24/2022 11:07:54 ] -     -	 SUMREGX:(?:.*((GOPRO)).*|.*((gopro)).*|.*((Footage)).*|.*((footage)).*|.*((DCI)).*| )

[ 05/24/2022 11:07:54 ] -     -	 Starting Search: F:\MediaProjects\Videos\*

[ 05/24/2022 11:07:54 ] -     -	 F:\MediaProjects\Videos\2021\111721_DroneTest1\Footage\DJI_0003.MP4

[ 05/24/2022 11:07:54 ] -     -	 Copying file: F:\MediaProjects\Videos\DJI_0003.MP4 to: C:\Users\wesle\OneDrive\Video\Kajak Renders

[ 05/24/2022 11:07:54 ] -     -	 F:\MediaProjects\Videos\2021\111721_DroneTest1\Footage\DJI_0004.MP4

[ 05/24/2022 11:07:54 ] -     -	 Copying file: F:\MediaProjects\Videos\DJI_0004.MP4 to: C:\Users\wesle\OneDrive\Video\Kajak Renders

[ 05/24/2022 11:07:54 ] -     -	 F:\MediaProjects\Videos\2021\111721_DroneTest1\Footage\DJI_0005.MP4

[ 05/24/2022 11:07:54 ] -     -	 Copying file: F:\MediaProjects\Videos\DJI_0005.MP4 to: C:\Users\wesle\OneDrive\Video\Kajak Renders

[ 05/24/2022 11:07:54 ] -     -	 F:\MediaProjects\Videos\2021\111721_DroneTest1\Footage\DJI_0006.MP4

[ 05/24/2022 11:07:54 ] -     -	 Copying file: F:\MediaProjects\Videos\DJI_0006.MP4 to: C:\Users\wesle\OneDrive\Video\Kajak Renders

[ 05/24/2022 11:07:54 ] -     -	 F:\MediaProjects\Videos\2021\111721_DroneTest1\Footage\DJI_0007.MP4

[ 05/24/2022 11:07:54 ] -     -	 Copying file: F:\MediaProjects\Videos\DJI_0007.MP4 to: C:\Users\wesle\OneDrive\Video\Kajak Renders

[ 05/24/2022 11:07:54 ] -     -	 F:\MediaProjects\Videos\2021\111721_DroneTest1\Footage\DJI_0008.MP4

[ 05/24/2022 11:07:54 ] -     -	 Copying file: F:\MediaProjects\Videos\DJI_0008.MP4 to: C:\Users\wesle\OneDrive\Video\Kajak Renders

[ 05/24/2022 11:07:54 ] -     -	 F:\MediaProjects\Videos\2021\111721_DroneTest1\Footage\DJI_0009.MP4

[ 05/24/2022 11:07:54 ] -     -	 Copying file: F:\MediaProjects\Videos\DJI_0009.MP4 to: C:\Users\wesle\OneDrive\Video\Kajak Renders

[ 05/24/2022 11:07:54 ] -     -	 F:\MediaProjects\Videos\2021\111721_DroneTest1\Footage\DJI_0010.MP4

[ 05/24/2022 11:07:54 ] -     -	 Copying file: F:\MediaProjects\Videos\DJI_0010.MP4 to: C:\Users\wesle\OneDrive\Video\Kajak Renders

[ 05/24/2022 11:07:54 ] -     -	 F:\MediaProjects\Videos\2021\111721_DroneTest1\Footage\DJI_0011.MP4

[ 05/24/2022 11:07:54 ] -     -	 Copying file: F:\MediaProjects\Videos\DJI_0011.MP4 to: C:\Users\wesle\OneDrive\Video\Kajak Renders

[ 05/24/2022 11:07:54 ] -     -	 F:\MediaProjects\Videos\2021\111721_DroneTest1\Footage\DJI_0012.MP4

[ 05/24/2022 11:07:54 ] -     -	 Copying file: F:\MediaProjects\Videos\DJI_0012.MP4 to: C:\Users\wesle\OneDrive\Video\Kajak Renders

[ 05/24/2022 11:07:54 ] -     -	 F:\MediaProjects\Videos\2021\111721_DroneTest1\Renders\dronerender1.mp4

[ 05/24/2022 11:07:54 ] -     -	 Copying file: F:\MediaProjects\Videos\dronerender1.mp4 to: C:\Users\wesle\OneDrive\Video\Kajak Renders

[ 05/24/2022 11:07:54 ] -     -	 F:\MediaProjects\Videos\2021\112021_DroneSaalach\footage\DJI_0013.MP4

[ 05/24/2022 11:07:54 ] -     -	 Copying file: F:\MediaProjects\Videos\DJI_0013.MP4 to: C:\Users\wesle\OneDrive\Video\Kajak Renders

[ 05/24/2022 11:07:54 ] -     -	 F:\MediaProjects\Videos\2021\112021_DroneSaalach\footage\DJI_0014.MP4

[ 05/24/2022 11:07:54 ] -     -	 Copying file: F:\MediaProjects\Videos\DJI_0014.MP4 to: C:\Users\wesle\OneDrive\Video\Kajak Renders

[ 05/24/2022 11:07:54 ] -     -	 F:\MediaProjects\Videos\2021\112021_DroneSaalach\footage\DJI_0015.MP4

[ 05/24/2022 11:07:54 ] -     -	 Copying file: F:\MediaProjects\Videos\DJI_0015.MP4 to: C:\Users\wesle\OneDrive\Video\Kajak Renders

[ 05/24/2022 11:07:54 ] -     -	 F:\MediaProjects\Videos\2021\112021_DroneSaalach\footage\DJI_0016.MP4

[ 05/24/2022 11:07:54 ] -     -	 Copying file: F:\MediaProjects\Videos\DJI_0016.MP4 to: C:\Users\wesle\OneDrive\Video\Kajak Renders

[ 05/24/2022 11:07:54 ] -     -	 F:\MediaProjects\Videos\2021\112021_DroneSaalach\footage\DJI_0017.MP4

[ 05/24/2022 11:07:55 ] -     -	 Copying file: F:\MediaProjects\Videos\DJI_0017.MP4 to: C:\Users\wesle\OneDrive\Video\Kajak Renders

[ 05/24/2022 11:07:55 ] -     -	 F:\MediaProjects\Videos\2021\112021_DroneSaalach\footage\DJI_0018.MP4

[ 05/24/2022 11:07:55 ] -     -	 Copying file: F:\MediaProjects\Videos\DJI_0018.MP4 to: C:\Users\wesle\OneDrive\Video\Kajak Renders

[ 05/24/2022 11:07:55 ] -     -	 F:\MediaProjects\Videos\2021\112021_DroneSaalach\footage\DJI_0019.MP4

[ 05/24/2022 11:07:55 ] -     -	 Copying file: F:\MediaProjects\Videos\DJI_0019.MP4 to: C:\Users\wesle\OneDrive\Video\Kajak Renders

[ 05/24/2022 11:07:55 ] -     -	 F:\MediaProjects\Videos\2021\112021_DroneSaalach\footage\DJI_0020.MP4

[ 05/24/2022 11:07:55 ] -     -	 Copying file: F:\MediaProjects\Videos\DJI_0020.MP4 to: C:\Users\wesle\OneDrive\Video\Kajak Renders

[ 05/24/2022 11:07:55 ] -     -	 F:\MediaProjects\Videos\2021\112021_DroneSaalach\footage\DJI_0021.MP4

[ 05/24/2022 11:07:55 ] -     -	 Copying file: F:\MediaProjects\Videos\DJI_0021.MP4 to: C:\Users\wesle\OneDrive\Video\Kajak Renders

[ 05/24/2022 11:07:55 ] -     -	 F:\MediaProjects\Videos\2021\112021_DroneSaalach\footage\DJI_0022.MP4

[ 05/24/2022 11:07:55 ] -     -	 Copying file: F:\MediaProjects\Videos\DJI_0022.MP4 to: C:\Users\wesle\OneDrive\Video\Kajak Renders

[ 05/24/2022 11:07:55 ] -     -	 F:\MediaProjects\Videos\2021\112021_DroneSaalach\footage\DJI_0023.MP4

[ 05/24/2022 11:07:55 ] -     -	 Copying file: F:\MediaProjects\Videos\DJI_0023.MP4 to: C:\Users\wesle\OneDrive\Video\Kajak Renders

[ 05/24/2022 11:07:55 ] -     -	 F:\MediaProjects\Videos\2021\112021_DroneSaalach\footage\DJI_0024.MP4

[ 05/24/2022 11:07:55 ] -     -	 Copying file: F:\MediaProjects\Videos\DJI_0024.MP4 to: C:\Users\wesle\OneDrive\Video\Kajak Renders

[ 05/24/2022 11:07:55 ] -     -	 F:\MediaProjects\Videos\2021\112021_DroneSaalach\renders\SaalachDrone2.mp4

[ 05/24/2022 11:07:55 ] -     -	 Copying file: F:\MediaProjects\Videos\SaalachDrone2.mp4 to: C:\Users\wesle\OneDrive\Video\Kajak Renders

[ 05/24/2022 11:07:55 ] -     -	 F:\MediaProjects\Videos\2021\112821_dronevero\rend\DJI_0030.mp4

[ 05/24/2022 11:07:55 ] -     -	 Copying file: F:\MediaProjects\Videos\DJI_0030.mp4 to: C:\Users\wesle\OneDrive\Video\Kajak Renders

[ 05/24/2022 11:07:55 ] -     -	 F:\MediaProjects\Videos\2021\112821_dronevero\rend\snowangel.mp4

[ 05/24/2022 11:07:55 ] -     -	 Copying file: F:\MediaProjects\Videos\snowangel.mp4 to: C:\Users\wesle\OneDrive\Video\Kajak Renders

[ 05/24/2022 11:07:55 ] -     -	 F:\MediaProjects\Videos\2021\112821_dronevero\DJI_0025.MP4

[ 05/24/2022 11:07:55 ] -     -	 Copying file: F:\MediaProjects\Videos\DJI_0025.MP4 to: C:\Users\wesle\OneDrive\Video\Kajak Renders

[ 05/24/2022 11:07:55 ] -     -	 F:\MediaProjects\Videos\2021\112821_dronevero\DJI_0026.MP4

[ 05/24/2022 11:07:55 ] -     -	 Copying file: F:\MediaProjects\Videos\DJI_0026.MP4 to: C:\Users\wesle\OneDrive\Video\Kajak Renders

[ 05/24/2022 11:07:55 ] -     -	 F:\MediaProjects\Videos\2021\112821_dronevero\DJI_0027.MP4

[ 05/24/2022 11:07:55 ] -     -	 Copying file: F:\MediaProjects\Videos\DJI_0027.MP4 to: C:\Users\wesle\OneDrive\Video\Kajak Renders

[ 05/24/2022 11:07:55 ] -     -	 F:\MediaProjects\Videos\2021\112821_dronevero\DJI_0028.MP4

[ 05/24/2022 11:07:55 ] -     -	 Copying file: F:\MediaProjects\Videos\DJI_0028.MP4 to: C:\Users\wesle\OneDrive\Video\Kajak Renders

[ 05/24/2022 11:07:55 ] -     -	 F:\MediaProjects\Videos\2021\112821_dronevero\DJI_0029.MP4

[ 05/24/2022 11:07:55 ] -     -	 Copying file: F:\MediaProjects\Videos\DJI_0029.MP4 to: C:\Users\wesle\OneDrive\Video\Kajak Renders

[ 05/24/2022 11:07:55 ] -     -	 F:\MediaProjects\Videos\2021\112821_dronevero\DJI_0030.MP4

[ 05/24/2022 11:07:55 ] -     -	 Copying file: F:\MediaProjects\Videos\DJI_0030.MP4 to: C:\Users\wesle\OneDrive\Video\Kajak Renders

[ 05/24/2022 11:07:55 ] -     -	 F:\MediaProjects\Videos\2021\112821_dronevero\DJI_0031.MP4

[ 05/24/2022 11:07:55 ] -     -	 Copying file: F:\MediaProjects\Videos\DJI_0031.MP4 to: C:\Users\wesle\OneDrive\Video\Kajak Renders

[ 05/24/2022 11:07:55 ] -     -	 F:\MediaProjects\Videos\2021\120221_rolflofer\material\DJI_0032.MP4

[ 05/24/2022 11:07:55 ] -     -	 Copying file: F:\MediaProjects\Videos\DJI_0032.MP4 to: C:\Users\wesle\OneDrive\Video\Kajak Renders

[ 05/24/2022 11:07:55 ] -     -	 F:\MediaProjects\Videos\2021\120221_rolflofer\material\DJI_0033.MP4

[ 05/24/2022 11:07:55 ] -     -	 Copying file: F:\MediaProjects\Videos\DJI_0033.MP4 to: C:\Users\wesle\OneDrive\Video\Kajak Renders

[ 05/24/2022 11:07:55 ] -     -	 F:\MediaProjects\Videos\2021\120221_rolflofer\material\DJI_0034.MP4

[ 05/24/2022 11:07:55 ] -     -	 Copying file: F:\MediaProjects\Videos\DJI_0034.MP4 to: C:\Users\wesle\OneDrive\Video\Kajak Renders

[ 05/24/2022 11:07:55 ] -     -	 F:\MediaProjects\Videos\2021\120221_rolflofer\material\DJI_0035.MP4

[ 05/24/2022 11:07:55 ] -     -	 Copying file: F:\MediaProjects\Videos\DJI_0035.MP4 to: C:\Users\wesle\OneDrive\Video\Kajak Renders

[ 05/24/2022 11:07:55 ] -     -	 F:\MediaProjects\Videos\2021\120221_rolflofer\material\DJI_0036.MP4

[ 05/24/2022 11:07:55 ] -     -	 Copying file: F:\MediaProjects\Videos\DJI_0036.MP4 to: C:\Users\wesle\OneDrive\Video\Kajak Renders

[ 05/24/2022 11:07:55 ] -     -	 F:\MediaProjects\Videos\2021\120221_rolflofer\material\DJI_0037.MP4

[ 05/24/2022 11:07:55 ] -     -	 Copying file: F:\MediaProjects\Videos\DJI_0037.MP4 to: C:\Users\wesle\OneDrive\Video\Kajak Renders

[ 05/24/2022 11:07:55 ] -     -	 F:\MediaProjects\Videos\2021\120221_rolflofer\material\DJI_0038.MP4

[ 05/24/2022 11:07:55 ] -     -	 Copying file: F:\MediaProjects\Videos\DJI_0038.MP4 to: C:\Users\wesle\OneDrive\Video\Kajak Renders

[ 05/24/2022 11:07:55 ] -     -	 F:\MediaProjects\Videos\2021\120221_rolflofer\material\DJI_0039.MP4

[ 05/24/2022 11:07:55 ] -     -	 Copying file: F:\MediaProjects\Videos\DJI_0039.MP4 to: C:\Users\wesle\OneDrive\Video\Kajak Renders

[ 05/24/2022 11:07:55 ] -     -	 F:\MediaProjects\Videos\2021\120221_rolflofer\material\DJI_0040.MP4

[ 05/24/2022 11:07:55 ] -     -	 Copying file: F:\MediaProjects\Videos\DJI_0040.MP4 to: C:\Users\wesle\OneDrive\Video\Kajak Renders

[ 05/24/2022 11:07:55 ] -     -	 F:\MediaProjects\Videos\2021\120221_rolflofer\material\DJI_0041.MP4

[ 05/24/2022 11:08:41 ] -     -	 Copying file: F:\MediaProjects\Videos\DJI_0041.MP4 to: C:\Users\wesle\OneDrive\Video\Kajak Renders

[ 05/24/2022 11:08:41 ] -     -	 F:\MediaProjects\Videos\2021\120221_rolflofer\material\DJI_0042.MP4

[ 05/24/2022 11:08:41 ] -     -	 Copying file: F:\MediaProjects\Videos\DJI_0042.MP4 to: C:\Users\wesle\OneDrive\Video\Kajak Renders

[ 05/24/2022 11:08:41 ] -     -	 F:\MediaProjects\Videos\2021\120221_rolflofer\material\DJI_0043.MP4

[ 05/24/2022 11:08:41 ] -     -	 Copying file: F:\MediaProjects\Videos\DJI_0043.MP4 to: C:\Users\wesle\OneDrive\Video\Kajak Renders

[ 05/24/2022 11:08:41 ] -     -	 F:\MediaProjects\Videos\2021\120221_rolflofer\material\DJI_0044.MP4

[ 05/24/2022 11:08:41 ] -     -	 Copying file: F:\MediaProjects\Videos\DJI_0044.MP4 to: C:\Users\wesle\OneDrive\Video\Kajak Renders

[ 05/24/2022 11:08:41 ] -     -	 F:\MediaProjects\Videos\2021\120221_rolflofer\material\DJI_0045.MP4

[ 05/24/2022 11:08:41 ] -     -	 Copying file: F:\MediaProjects\Videos\DJI_0045.MP4 to: C:\Users\wesle\OneDrive\Video\Kajak Renders

[ 05/24/2022 11:08:41 ] -     -	 F:\MediaProjects\Videos\2021\120221_rolflofer\material\DJI_0046.MP4

[ 05/24/2022 11:08:41 ] -     -	 Copying file: F:\MediaProjects\Videos\DJI_0046.MP4 to: C:\Users\wesle\OneDrive\Video\Kajak Renders

[ 05/24/2022 11:08:41 ] -     -	 F:\MediaProjects\Videos\2021\120221_rolflofer\material\DJI_0047.MP4

[ 05/24/2022 11:08:42 ] -     -	 Copying file: F:\MediaProjects\Videos\DJI_0047.MP4 to: C:\Users\wesle\OneDrive\Video\Kajak Renders

[ 05/24/2022 11:08:42 ] -     -	 F:\MediaProjects\Videos\2021\120221_rolflofer\material\DJI_0048.MP4

[ 05/24/2022 11:08:42 ] -     -	 Copying file: F:\MediaProjects\Videos\DJI_0048.MP4 to: C:\Users\wesle\OneDrive\Video\Kajak Renders

[ 05/24/2022 11:08:42 ] -     -	 F:\MediaProjects\Videos\2021\120221_rolflofer\render\rolfdrone.mp4

[ 05/24/2022 11:08:42 ] -     -	 Copying file: F:\MediaProjects\Videos\rolfdrone.mp4 to: C:\Users\wesle\OneDrive\Video\Kajak Renders

[ 05/24/2022 11:08:42 ] -     -	 F:\MediaProjects\Videos\2021\120221_rolflofer\render\wesloferclip.mp4

[ 05/24/2022 11:08:42 ] -     -	 Copying file: F:\MediaProjects\Videos\wesloferclip.mp4 to: C:\Users\wesle\OneDrive\Video\Kajak Renders

[ 05/24/2022 11:08:42 ] -     -	 F:\MediaProjects\Videos\2021\121721_hungariaguitar\rend\hungaria.mp4

[ 05/24/2022 11:08:42 ] -     -	 Copying file: F:\MediaProjects\Videos\hungaria.mp4 to: C:\Users\wesle\OneDrive\Video\Kajak Renders

[ 05/24/2022 11:08:42 ] -     -	 F:\MediaProjects\Videos\2021\Counter-strike  Global Offensive\Counter-strike  Global Offensive 2021.12.09 - 23.53.18.05.DVR.mp4

[ 05/24/2022 11:08:42 ] -     -	 Ignored: F:\MediaProjects\Videos\Counter-strike  Global Offensive 2021.12.09 - 23.53.18.05.DVR.mp4 

[ 05/24/2022 11:08:42 ] -     -	 F:\MediaProjects\Videos\2021\Counter-strike  Global Offensive\Counter-strike  Global Offensive 2021.12.11 - 21.47.47.12.DVR.mp4

[ 05/24/2022 11:08:42 ] -     -	 Ignored: F:\MediaProjects\Videos\Counter-strike  Global Offensive 2021.12.11 - 21.47.47.12.DVR.mp4 

[ 05/24/2022 11:08:42 ] -     -	 F:\MediaProjects\Videos\2021\Counter-strike  Global Offensive\Counter-strike  Global Offensive 2021.12.20 - 21.13.28.05.DVR.mp4

[ 05/24/2022 11:08:42 ] -     -	 Ignored: F:\MediaProjects\Videos\Counter-strike  Global Offensive 2021.12.20 - 21.13.28.05.DVR.mp4 

[ 05/24/2022 11:08:42 ] -     -	 F:\MediaProjects\Videos\2021\Counter-strike  Global Offensive\Counter-strike  Global Offensive 2021.12.22 - 22.19.11.08.DVR.mp4

[ 05/24/2022 11:08:42 ] -     -	 Ignored: F:\MediaProjects\Videos\Counter-strike  Global Offensive 2021.12.22 - 22.19.11.08.DVR.mp4 

[ 05/24/2022 11:08:42 ] -     -	 F:\MediaProjects\Videos\2021\Counter-strike  Global Offensive\Counter-strike  Global Offensive 2021.12.22 - 22.25.25.09.DVR.mp4

[ 05/24/2022 11:08:42 ] -     -	 Ignored: F:\MediaProjects\Videos\Counter-strike  Global Offensive 2021.12.22 - 22.25.25.09.DVR.mp4 

[ 05/24/2022 11:08:42 ] -     -	 F:\MediaProjects\Videos\2021\Counter-strike  Global Offensive\Counter-strike  Global Offensive 2021.12.24 - 14.46.11.16.DVR.mp4

[ 05/24/2022 11:08:42 ] -     -	 Ignored: F:\MediaProjects\Videos\Counter-strike  Global Offensive 2021.12.24 - 14.46.11.16.DVR.mp4 

[ 05/24/2022 11:08:42 ] -     -	 F:\MediaProjects\Videos\2021\Counter-strike  Global Offensive\Counter-strike  Global Offensive 2022.01.02 - 17.30.23.09.DVR.mp4

[ 05/24/2022 11:08:42 ] -     -	 Ignored: F:\MediaProjects\Videos\Counter-strike  Global Offensive 2022.01.02 - 17.30.23.09.DVR.mp4 

[ 05/24/2022 11:08:42 ] -     -	 F:\MediaProjects\Videos\2022\[077]_iJ\Footage\Camera01\[1] iJ_202203181237_OG#DJI0003.MP4

[ 05/24/2022 11:08:42 ] -     -	 Ignored: F:\MediaProjects\Videos\[1] iJ_202203181237_OG#DJI0003.MP4 

[ 05/24/2022 11:08:42 ] -     -	 F:\MediaProjects\Videos\2022\[077]_iJ\Footage\Camera01\[1] iJ_202203181237_OG#DJI0004.MP4

[ 05/24/2022 11:08:42 ] -     -	 Ignored: F:\MediaProjects\Videos\[1] iJ_202203181237_OG#DJI0004.MP4 

[ 05/24/2022 11:08:42 ] -     -	 F:\MediaProjects\Videos\2022\[077]_iJ\Footage\Camera01\[1] iJ_202203181238_OG#DJI0005.MP4

[ 05/24/2022 11:08:42 ] -     -	 Ignored: F:\MediaProjects\Videos\[1] iJ_202203181238_OG#DJI0005.MP4 

[ 05/24/2022 11:08:42 ] -     -	 F:\MediaProjects\Videos\2022\[077]_iJ\Footage\Camera01\[1] iJ_202203181238_OG#DJI0006.MP4

[ 05/24/2022 11:08:42 ] -     -	 Ignored: F:\MediaProjects\Videos\[1] iJ_202203181238_OG#DJI0006.MP4 

[ 05/24/2022 11:08:42 ] -     -	 F:\MediaProjects\Videos\2022\[077]_iJ\Footage\Camera01\[1] iJ_202203181238_OG#DJI0007.MP4

[ 05/24/2022 11:08:42 ] -     -	 Ignored: F:\MediaProjects\Videos\[1] iJ_202203181238_OG#DJI0007.MP4 

[ 05/24/2022 11:08:42 ] -     -	 F:\MediaProjects\Videos\2022\[077]_iJ\Footage\Camera01\[1] iJ_202203181238_OG#DJI0008.MP4

[ 05/24/2022 11:08:42 ] -     -	 Ignored: F:\MediaProjects\Videos\[1] iJ_202203181238_OG#DJI0008.MP4 

[ 05/24/2022 11:08:42 ] -     -	 F:\MediaProjects\Videos\2022\[077]_lammer\Footage\Camera01\DCIM\100GOPRO\[4] lammer_202203181905_OG#GH013676.MP4

[ 05/24/2022 11:08:42 ] -     -	 Ignored: F:\MediaProjects\Videos\[4] lammer_202203181905_OG#GH013676.MP4 

[ 05/24/2022 11:08:42 ] -     -	 F:\MediaProjects\Videos\2022\[077]_lammer\Footage\Camera01\DCIM\100GOPRO\[4] lammer_202203181905_OG#GH013677.MP4

[ 05/24/2022 11:08:42 ] -     -	 Ignored: F:\MediaProjects\Videos\[4] lammer_202203181905_OG#GH013677.MP4 

[ 05/24/2022 11:08:42 ] -     -	 F:\MediaProjects\Videos\2022\[077]_lammer\Footage\Camera01\DCIM\100GOPRO\[4] lammer_202203181911_OG#GH013678.MP4

[ 05/24/2022 11:08:42 ] -     -	 Ignored: F:\MediaProjects\Videos\[4] lammer_202203181911_OG#GH013678.MP4 

[ 05/24/2022 11:08:42 ] -     -	 F:\MediaProjects\Videos\2022\[077]_lammer\Footage\Camera01\DCIM\100GOPRO\[4] lammer_202203181911_OG#GH023677.MP4

[ 05/24/2022 11:08:42 ] -     -	 Ignored: F:\MediaProjects\Videos\[4] lammer_202203181911_OG#GH023677.MP4 

[ 05/24/2022 11:08:42 ] -     -	 F:\MediaProjects\Videos\2022\[077]_lammer\Footage\Camera01\DCIM\100GOPRO\[4] lammer_202203181917_OG#GH023678.MP4

[ 05/24/2022 11:08:42 ] -     -	 Ignored: F:\MediaProjects\Videos\[4] lammer_202203181917_OG#GH023678.MP4 

[ 05/24/2022 11:08:42 ] -     -	 F:\MediaProjects\Videos\2022\[077]_lammer\lammeröfenrony.mp4

[ 05/24/2022 11:08:42 ] -     -	 Copying file: F:\MediaProjects\Videos\lammeröfenrony.mp4 to: C:\Users\wesle\OneDrive\Video\Kajak Renders

[ 05/24/2022 11:08:42 ] -     -	 F:\MediaProjects\Videos\2022\[077]_test\Footage\Camera01\[1] test_202203181239_OG#DJI0003.MP4

[ 05/24/2022 11:08:42 ] -     -	 Ignored: F:\MediaProjects\Videos\[1] test_202203181239_OG#DJI0003.MP4 

[ 05/24/2022 11:08:42 ] -     -	 F:\MediaProjects\Videos\2022\[077]_test\Footage\Camera01\[1] test_202203181239_OG#DJI0004.MP4

[ 05/24/2022 11:08:42 ] -     -	 Ignored: F:\MediaProjects\Videos\[1] test_202203181239_OG#DJI0004.MP4 

[ 05/24/2022 11:08:42 ] -     -	 F:\MediaProjects\Videos\2022\[077]_test\Footage\Camera01\[1] test_202203181239_OG#DJI0005.MP4

[ 05/24/2022 11:08:42 ] -     -	 Ignored: F:\MediaProjects\Videos\[1] test_202203181239_OG#DJI0005.MP4 

[ 05/24/2022 11:08:42 ] -     -	 F:\MediaProjects\Videos\2022\[077]_test\Footage\Camera01\[1] test_202203181239_OG#DJI0006.MP4

[ 05/24/2022 11:08:42 ] -     -	 Ignored: F:\MediaProjects\Videos\[1] test_202203181239_OG#DJI0006.MP4 

[ 05/24/2022 11:08:42 ] -     -	 F:\MediaProjects\Videos\2022\[077]_test\Footage\Camera01\[1] test_202203181239_OG#DJI0007.MP4

[ 05/24/2022 11:08:42 ] -     -	 Ignored: F:\MediaProjects\Videos\[1] test_202203181239_OG#DJI0007.MP4 

[ 05/24/2022 11:08:42 ] -     -	 F:\MediaProjects\Videos\2022\[077]_test\Footage\Camera01\[1] test_202203181239_OG#DJI0008.MP4

[ 05/24/2022 11:08:42 ] -     -	 Ignored: F:\MediaProjects\Videos\[1] test_202203181239_OG#DJI0008.MP4 

[ 05/24/2022 11:08:42 ] -     -	 F:\MediaProjects\Videos\2022\[084]_lammerMax\Footage\Camera01\[1] lammerMax_202203251915_OG#GH013679.MP4

[ 05/24/2022 11:08:42 ] -     -	 Ignored: F:\MediaProjects\Videos\[1] lammerMax_202203251915_OG#GH013679.MP4 

[ 05/24/2022 11:08:42 ] -     -	 F:\MediaProjects\Videos\2022\[084]_lammerMax\Footage\Camera01\[1] lammerMax_202203251919_OG#GH013680.MP4

[ 05/24/2022 11:08:42 ] -     -	 Ignored: F:\MediaProjects\Videos\[1] lammerMax_202203251919_OG#GH013680.MP4 

[ 05/24/2022 11:08:42 ] -     -	 F:\MediaProjects\Videos\2022\[084]_lammerMax\Footage\Camera01\[1] lammerMax_202203251921_OG#GH013681.MP4

[ 05/24/2022 11:08:42 ] -     -	 Ignored: F:\MediaProjects\Videos\[1] lammerMax_202203251921_OG#GH013681.MP4 

[ 05/24/2022 11:08:42 ] -     -	 F:\MediaProjects\Videos\2022\[084]_lammerMax\Footage\Camera01\[1] lammerMax_202203251925_OG#GH013682.MP4

[ 05/24/2022 11:08:42 ] -     -	 Ignored: F:\MediaProjects\Videos\[1] lammerMax_202203251925_OG#GH013682.MP4 

[ 05/24/2022 11:08:42 ] -     -	 F:\MediaProjects\Videos\2022\[084]_lammerMax\Footage\Camera01\[1] lammerMax_202203251925_OG#GH013683.MP4

[ 05/24/2022 11:08:42 ] -     -	 Ignored: F:\MediaProjects\Videos\[1] lammerMax_202203251925_OG#GH013683.MP4 

[ 05/24/2022 11:08:42 ] -     -	 F:\MediaProjects\Videos\2022\[084]_lammerMax\Footage\Camera01\[1] lammerMax_202203251925_OG#GH013684.MP4

[ 05/24/2022 11:08:42 ] -     -	 Ignored: F:\MediaProjects\Videos\[1] lammerMax_202203251925_OG#GH013684.MP4 

[ 05/24/2022 11:08:42 ] -     -	 F:\MediaProjects\Videos\2022\[084]_lammerMax\Footage\Camera01\[1] lammerMax_202203251931_OG#GH013685.MP4

[ 05/24/2022 11:08:42 ] -     -	 Ignored: F:\MediaProjects\Videos\[1] lammerMax_202203251931_OG#GH013685.MP4 

[ 05/24/2022 11:08:42 ] -     -	 F:\MediaProjects\Videos\2022\[084]_lammerMax\Footage\Camera01\[1] lammerMax_202203251931_OG#GH023684.MP4

[ 05/24/2022 11:08:42 ] -     -	 Ignored: F:\MediaProjects\Videos\[1] lammerMax_202203251931_OG#GH023684.MP4 

[ 05/24/2022 11:08:42 ] -     -	 F:\MediaProjects\Videos\2022\[108]_koppirolfmartin\Footage\Camera01\New folder\xx.MP4

[ 05/24/2022 11:08:42 ] -     -	 Copying file: F:\MediaProjects\Videos\xx.MP4 to: C:\Users\wesle\OneDrive\Video\Kajak Renders

[ 05/24/2022 11:08:42 ] -     -	 F:\MediaProjects\Videos\2022\[108]_koppirolfmartin\Footage\Camera01\[1] koppirolfmartin_202204181918_OG#GH013687.MP4

[ 05/24/2022 11:08:42 ] -     -	 Ignored: F:\MediaProjects\Videos\[1] koppirolfmartin_202204181918_OG#GH013687.MP4 

[ 05/24/2022 11:08:42 ] -     -	 F:\MediaProjects\Videos\2022\[108]_koppirolfmartin\Footage\Camera01\[1] koppirolfmartin_202204181920_OG#GH023687.MP4

[ 05/24/2022 11:08:42 ] -     -	 Ignored: F:\MediaProjects\Videos\[1] koppirolfmartin_202204181920_OG#GH023687.MP4 

[ 05/24/2022 11:08:42 ] -     -	 F:\MediaProjects\Videos\2022\[108]_koppirolfmartin\Footage\Camera01\[1] koppirolfmartin_202204181922_OG#GH013688.MP4

[ 05/24/2022 11:08:42 ] -     -	 Ignored: F:\MediaProjects\Videos\[1] koppirolfmartin_202204181922_OG#GH013688.MP4 

[ 05/24/2022 11:08:42 ] -     -	 F:\MediaProjects\Videos\2022\[108]_koppirolfmartin\Footage\Camera01\[1] koppirolfmartin_202204181924_OG#GH023688.MP4

[ 05/24/2022 11:08:42 ] -     -	 Ignored: F:\MediaProjects\Videos\[1] koppirolfmartin_202204181924_OG#GH023688.MP4 

[ 05/24/2022 11:08:42 ] -     -	 F:\MediaProjects\Videos\2022\[108]_koppirolfmartin\Footage\Camera01\[1] koppirolfmartin_202204181927_OG#GH033688.MP4

[ 05/24/2022 11:08:42 ] -     -	 Ignored: F:\MediaProjects\Videos\[1] koppirolfmartin_202204181927_OG#GH033688.MP4 

[ 05/24/2022 11:08:42 ] -     -	 F:\MediaProjects\Videos\2022\[133]_testnew\Footage\Camera01\[3] testnew_202205131625_OG#[1] koppirolfmartin_202204181917_OG#GH013686.MP4

[ 05/24/2022 11:08:42 ] -     -	 Ignored: F:\MediaProjects\Videos\[3] testnew_202205131625_OG#[1] koppirolfmartin_202204181917_OG#GH013686.MP4 

[ 05/24/2022 11:08:42 ] -     -	 F:\MediaProjects\Videos\2022\[133]_testnew\Footage\Camera01\[3] testnew_202205131625_OG#[1] koppirolfmartin_202204181918_OG#GH013687.MP4

[ 05/24/2022 11:08:42 ] -     -	 Ignored: F:\MediaProjects\Videos\[3] testnew_202205131625_OG#[1] koppirolfmartin_202204181918_OG#GH013687.MP4 

[ 05/24/2022 11:08:42 ] -     -	 F:\MediaProjects\Videos\2022\[133]_testnew\Footage\Camera01\[3] testnew_202205131625_OG#[1] koppirolfmartin_202204181920_OG#GH023687.MP4

[ 05/24/2022 11:08:42 ] -     -	 Ignored: F:\MediaProjects\Videos\[3] testnew_202205131625_OG#[1] koppirolfmartin_202204181920_OG#GH023687.MP4 

[ 05/24/2022 11:08:42 ] -     -	 F:\MediaProjects\Videos\2022\[133]_testnew\Footage\Camera01\[3] testnew_202205131626_OG#[1] koppirolfmartin_202204181922_OG#GH013688.MP4

[ 05/24/2022 11:08:42 ] -     -	 Ignored: F:\MediaProjects\Videos\[3] testnew_202205131626_OG#[1] koppirolfmartin_202204181922_OG#GH013688.MP4 

[ 05/24/2022 11:08:42 ] -     -	 F:\MediaProjects\Videos\2022\[133]_testnew\Footage\Camera01\[3] testnew_202205131626_OG#[1] koppirolfmartin_202204181924_OG#GH023688.MP4

[ 05/24/2022 11:08:42 ] -     -	 Ignored: F:\MediaProjects\Videos\[3] testnew_202205131626_OG#[1] koppirolfmartin_202204181924_OG#GH023688.MP4 

[ 05/24/2022 11:08:42 ] -     -	 F:\MediaProjects\Videos\2022\[133]_testnew\Footage\Camera01\[3] testnew_202205131626_OG#[1] koppirolfmartin_202204181927_OG#GH033688.MP4

[ 05/24/2022 11:08:42 ] -     -	 Ignored: F:\MediaProjects\Videos\[3] testnew_202205131626_OG#[1] koppirolfmartin_202204181927_OG#GH033688.MP4 

[ 05/24/2022 11:08:42 ] -     -	 F:\MediaProjects\Videos\2022\[141]_vro\Footage\Camera01\[1] vro_202205211703_OG#GH013686.MP4

[ 05/24/2022 11:08:42 ] -     -	 Ignored: F:\MediaProjects\Videos\[1] vro_202205211703_OG#GH013686.MP4 

[ 05/24/2022 11:08:42 ] -     -	 F:\MediaProjects\Videos\2022\[141]_vro\Footage\Camera01\[1] vro_202205211704_OG#GH013687.MP4

[ 05/24/2022 11:08:42 ] -     -	 Ignored: F:\MediaProjects\Videos\[1] vro_202205211704_OG#GH013687.MP4 

[ 05/24/2022 11:08:42 ] -     -	 F:\MediaProjects\Videos\2022\[141]_vro\Footage\Camera01\[1] vro_202205211707_OG#GH023687.MP4

[ 05/24/2022 11:08:42 ] -     -	 Ignored: F:\MediaProjects\Videos\[1] vro_202205211707_OG#GH023687.MP4 

[ 05/24/2022 11:08:42 ] -     -	 F:\MediaProjects\Videos\2022\[141]_vro\Footage\Camera01\[1] vro_202205211710_OG#GH013688.MP4

[ 05/24/2022 11:08:42 ] -     -	 Ignored: F:\MediaProjects\Videos\[1] vro_202205211710_OG#GH013688.MP4 

[ 05/24/2022 11:08:42 ] -     -	 F:\MediaProjects\Videos\2022\[141]_vro\Footage\Camera01\[1] vro_202205211716_OG#GH023688.MP4

[ 05/24/2022 11:08:42 ] -     -	 Ignored: F:\MediaProjects\Videos\[1] vro_202205211716_OG#GH023688.MP4 

[ 05/24/2022 11:08:42 ] -     -	 F:\MediaProjects\Videos\2022\[141]_vro\Footage\Camera01\[1] vro_202205211723_OG#GH033688.MP4

[ 05/24/2022 11:08:42 ] -     -	 Ignored: F:\MediaProjects\Videos\[1] vro_202205211723_OG#GH033688.MP4 

[ 05/24/2022 11:08:42 ] -     -	 F:\MediaProjects\Videos\2022\[141]_vro\Footage\Camera01\[1] vro_202205211726_OG#GH013689.MP4

[ 05/24/2022 11:08:42 ] -     -	 Ignored: F:\MediaProjects\Videos\[1] vro_202205211726_OG#GH013689.MP4 

[ 05/24/2022 11:08:42 ] -     -	 F:\MediaProjects\Videos\2022\[141]_vro\Footage\Camera01\[1] vro_202205211730_OG#GH013690.MP4

[ 05/24/2022 11:08:42 ] -     -	 Ignored: F:\MediaProjects\Videos\[1] vro_202205211730_OG#GH013690.MP4 

[ 05/24/2022 11:08:42 ] -     -	 F:\MediaProjects\Videos\2022\[141]_vro\Footage\Camera01\[1] vro_202205211732_OG#GH013691.MP4

[ 05/24/2022 11:08:42 ] -     -	 Ignored: F:\MediaProjects\Videos\[1] vro_202205211732_OG#GH013691.MP4 

[ 05/24/2022 11:08:42 ] -     -	 F:\MediaProjects\Videos\2022\[141]_vro\Footage\Camera01\[1] vro_202205211734_OG#GH013692.MP4

[ 05/24/2022 11:08:42 ] -     -	 Ignored: F:\MediaProjects\Videos\[1] vro_202205211734_OG#GH013692.MP4 

[ 05/24/2022 11:08:59 ] -     -	 SRCDIR: F:\MediaProjects\Videos

[ 05/24/2022 11:08:59 ] -     -	 DESTDIR: C:\Users\wesle\OneDrive\Video\Kajak Renders

[ 05/24/2022 11:08:59 ] -     -	 EXCLUDED DIR:

[ 05/24/2022 11:08:59 ] -     -	 ../(GOPRO)

[ 05/24/2022 11:08:59 ] -     -	 ../(gopro)

[ 05/24/2022 11:08:59 ] -     -	 ../(Footage)

[ 05/24/2022 11:08:59 ] -     -	 ../(footage)

[ 05/24/2022 11:08:59 ] -     -	 ../(DCI)

[ 05/24/2022 11:08:59 ] -     -	 SUMREGX:(?:.*((GOPRO)).*|.*((gopro)).*|.*((Footage)).*|.*((footage)).*|.*((DCI)).*| )

[ 05/24/2022 11:08:59 ] -     -	 Starting Search: F:\MediaProjects\Videos\*

[ 05/24/2022 11:08:59 ] -     -	 F:\MediaProjects\Videos\2021\111721_DroneTest1\Footage\DJI_0003.MP4

[ 05/24/2022 11:08:59 ] -DEBUG-	 File modified and copied  + $_.Name

[ 05/24/2022 11:08:59 ] -     -	 Copying file: F:\MediaProjects\Videos\DJI_0003.MP4 to: C:\Users\wesle\OneDrive\Video\Kajak Renders

[ 05/24/2022 11:08:59 ] -     -	 F:\MediaProjects\Videos\2021\111721_DroneTest1\Footage\DJI_0004.MP4

[ 05/24/2022 11:08:59 ] -DEBUG-	 File modified and copied  + $_.Name

[ 05/24/2022 11:08:59 ] -     -	 Copying file: F:\MediaProjects\Videos\DJI_0004.MP4 to: C:\Users\wesle\OneDrive\Video\Kajak Renders

[ 05/24/2022 11:08:59 ] -     -	 F:\MediaProjects\Videos\2021\111721_DroneTest1\Footage\DJI_0005.MP4

[ 05/24/2022 11:08:59 ] -DEBUG-	 File modified and copied  + $_.Name

[ 05/24/2022 11:08:59 ] -     -	 Copying file: F:\MediaProjects\Videos\DJI_0005.MP4 to: C:\Users\wesle\OneDrive\Video\Kajak Renders

[ 05/24/2022 11:08:59 ] -     -	 F:\MediaProjects\Videos\2021\111721_DroneTest1\Footage\DJI_0006.MP4

[ 05/24/2022 11:08:59 ] -DEBUG-	 File modified and copied  + $_.Name

[ 05/24/2022 11:08:59 ] -     -	 Copying file: F:\MediaProjects\Videos\DJI_0006.MP4 to: C:\Users\wesle\OneDrive\Video\Kajak Renders

[ 05/24/2022 11:08:59 ] -     -	 F:\MediaProjects\Videos\2021\111721_DroneTest1\Footage\DJI_0007.MP4

[ 05/24/2022 11:08:59 ] -DEBUG-	 File modified and copied  + $_.Name

[ 05/24/2022 11:08:59 ] -     -	 Copying file: F:\MediaProjects\Videos\DJI_0007.MP4 to: C:\Users\wesle\OneDrive\Video\Kajak Renders

[ 05/24/2022 11:08:59 ] -     -	 F:\MediaProjects\Videos\2021\111721_DroneTest1\Footage\DJI_0008.MP4

[ 05/24/2022 11:08:59 ] -DEBUG-	 File modified and copied  + $_.Name

[ 05/24/2022 11:08:59 ] -     -	 Copying file: F:\MediaProjects\Videos\DJI_0008.MP4 to: C:\Users\wesle\OneDrive\Video\Kajak Renders

[ 05/24/2022 11:08:59 ] -     -	 F:\MediaProjects\Videos\2021\111721_DroneTest1\Footage\DJI_0009.MP4

[ 05/24/2022 11:08:59 ] -DEBUG-	 File modified and copied  + $_.Name

[ 05/24/2022 11:08:59 ] -     -	 Copying file: F:\MediaProjects\Videos\DJI_0009.MP4 to: C:\Users\wesle\OneDrive\Video\Kajak Renders

[ 05/24/2022 11:08:59 ] -     -	 F:\MediaProjects\Videos\2021\111721_DroneTest1\Footage\DJI_0010.MP4

[ 05/24/2022 11:08:59 ] -DEBUG-	 File modified and copied  + $_.Name

[ 05/24/2022 11:08:59 ] -     -	 Copying file: F:\MediaProjects\Videos\DJI_0010.MP4 to: C:\Users\wesle\OneDrive\Video\Kajak Renders

[ 05/24/2022 11:08:59 ] -     -	 F:\MediaProjects\Videos\2021\111721_DroneTest1\Footage\DJI_0011.MP4

[ 05/24/2022 11:08:59 ] -DEBUG-	 File modified and copied  + $_.Name

[ 05/24/2022 11:08:59 ] -     -	 Copying file: F:\MediaProjects\Videos\DJI_0011.MP4 to: C:\Users\wesle\OneDrive\Video\Kajak Renders

[ 05/24/2022 11:08:59 ] -     -	 F:\MediaProjects\Videos\2021\111721_DroneTest1\Footage\DJI_0012.MP4

[ 05/24/2022 11:08:59 ] -DEBUG-	 File modified and copied  + $_.Name

[ 05/24/2022 11:08:59 ] -     -	 Copying file: F:\MediaProjects\Videos\DJI_0012.MP4 to: C:\Users\wesle\OneDrive\Video\Kajak Renders

[ 05/24/2022 11:08:59 ] -     -	 F:\MediaProjects\Videos\2021\111721_DroneTest1\Renders\dronerender1.mp4

[ 05/24/2022 11:08:59 ] -DEBUG-	 File modified and copied  + $_.Name

[ 05/24/2022 11:08:59 ] -     -	 Copying file: F:\MediaProjects\Videos\dronerender1.mp4 to: C:\Users\wesle\OneDrive\Video\Kajak Renders

[ 05/24/2022 11:08:59 ] -     -	 F:\MediaProjects\Videos\2021\112021_DroneSaalach\footage\DJI_0013.MP4

[ 05/24/2022 11:08:59 ] -DEBUG-	 File modified and copied  + $_.Name

[ 05/24/2022 11:08:59 ] -     -	 Copying file: F:\MediaProjects\Videos\DJI_0013.MP4 to: C:\Users\wesle\OneDrive\Video\Kajak Renders

[ 05/24/2022 11:08:59 ] -     -	 F:\MediaProjects\Videos\2021\112021_DroneSaalach\footage\DJI_0014.MP4

[ 05/24/2022 11:08:59 ] -DEBUG-	 File modified and copied  + $_.Name

[ 05/24/2022 11:08:59 ] -     -	 Copying file: F:\MediaProjects\Videos\DJI_0014.MP4 to: C:\Users\wesle\OneDrive\Video\Kajak Renders

[ 05/24/2022 11:08:59 ] -     -	 F:\MediaProjects\Videos\2021\112021_DroneSaalach\footage\DJI_0015.MP4

[ 05/24/2022 11:08:59 ] -DEBUG-	 File modified and copied  + $_.Name

[ 05/24/2022 11:08:59 ] -     -	 Copying file: F:\MediaProjects\Videos\DJI_0015.MP4 to: C:\Users\wesle\OneDrive\Video\Kajak Renders

[ 05/24/2022 11:08:59 ] -     -	 F:\MediaProjects\Videos\2021\112021_DroneSaalach\footage\DJI_0016.MP4

[ 05/24/2022 11:08:59 ] -DEBUG-	 File modified and copied  + $_.Name

[ 05/24/2022 11:08:59 ] -     -	 Copying file: F:\MediaProjects\Videos\DJI_0016.MP4 to: C:\Users\wesle\OneDrive\Video\Kajak Renders

[ 05/24/2022 11:08:59 ] -     -	 F:\MediaProjects\Videos\2021\112021_DroneSaalach\footage\DJI_0017.MP4

[ 05/24/2022 11:08:59 ] -DEBUG-	 File modified and copied  + $_.Name

[ 05/24/2022 11:08:59 ] -     -	 Copying file: F:\MediaProjects\Videos\DJI_0017.MP4 to: C:\Users\wesle\OneDrive\Video\Kajak Renders

[ 05/24/2022 11:08:59 ] -     -	 F:\MediaProjects\Videos\2021\112021_DroneSaalach\footage\DJI_0018.MP4

[ 05/24/2022 11:08:59 ] -DEBUG-	 File modified and copied  + $_.Name

[ 05/24/2022 11:08:59 ] -     -	 Copying file: F:\MediaProjects\Videos\DJI_0018.MP4 to: C:\Users\wesle\OneDrive\Video\Kajak Renders

[ 05/24/2022 11:08:59 ] -     -	 F:\MediaProjects\Videos\2021\112021_DroneSaalach\footage\DJI_0019.MP4

[ 05/24/2022 11:08:59 ] -DEBUG-	 File modified and copied  + $_.Name

[ 05/24/2022 11:08:59 ] -     -	 Copying file: F:\MediaProjects\Videos\DJI_0019.MP4 to: C:\Users\wesle\OneDrive\Video\Kajak Renders

[ 05/24/2022 11:08:59 ] -     -	 F:\MediaProjects\Videos\2021\112021_DroneSaalach\footage\DJI_0020.MP4

[ 05/24/2022 11:08:59 ] -DEBUG-	 File modified and copied  + $_.Name

[ 05/24/2022 11:08:59 ] -     -	 Copying file: F:\MediaProjects\Videos\DJI_0020.MP4 to: C:\Users\wesle\OneDrive\Video\Kajak Renders

[ 05/24/2022 11:08:59 ] -     -	 F:\MediaProjects\Videos\2021\112021_DroneSaalach\footage\DJI_0021.MP4

[ 05/24/2022 11:08:59 ] -DEBUG-	 File modified and copied  + $_.Name

[ 05/24/2022 11:08:59 ] -     -	 Copying file: F:\MediaProjects\Videos\DJI_0021.MP4 to: C:\Users\wesle\OneDrive\Video\Kajak Renders

[ 05/24/2022 11:08:59 ] -     -	 F:\MediaProjects\Videos\2021\112021_DroneSaalach\footage\DJI_0022.MP4

[ 05/24/2022 11:08:59 ] -DEBUG-	 File modified and copied  + $_.Name

[ 05/24/2022 11:08:59 ] -     -	 Copying file: F:\MediaProjects\Videos\DJI_0022.MP4 to: C:\Users\wesle\OneDrive\Video\Kajak Renders

[ 05/24/2022 11:08:59 ] -     -	 F:\MediaProjects\Videos\2021\112021_DroneSaalach\footage\DJI_0023.MP4

[ 05/24/2022 11:08:59 ] -DEBUG-	 File modified and copied  + $_.Name

[ 05/24/2022 11:08:59 ] -     -	 Copying file: F:\MediaProjects\Videos\DJI_0023.MP4 to: C:\Users\wesle\OneDrive\Video\Kajak Renders

[ 05/24/2022 11:08:59 ] -     -	 F:\MediaProjects\Videos\2021\112021_DroneSaalach\footage\DJI_0024.MP4

[ 05/24/2022 11:08:59 ] -DEBUG-	 File modified and copied  + $_.Name

[ 05/24/2022 11:08:59 ] -     -	 Copying file: F:\MediaProjects\Videos\DJI_0024.MP4 to: C:\Users\wesle\OneDrive\Video\Kajak Renders

[ 05/24/2022 11:08:59 ] -     -	 F:\MediaProjects\Videos\2021\112021_DroneSaalach\renders\SaalachDrone2.mp4

[ 05/24/2022 11:08:59 ] -DEBUG-	 File modified and copied  + $_.Name

[ 05/24/2022 11:08:59 ] -     -	 Copying file: F:\MediaProjects\Videos\SaalachDrone2.mp4 to: C:\Users\wesle\OneDrive\Video\Kajak Renders

[ 05/24/2022 11:08:59 ] -     -	 F:\MediaProjects\Videos\2021\112821_dronevero\rend\DJI_0030.mp4

[ 05/24/2022 11:08:59 ] -DEBUG-	 File modified and copied  + $_.Name

[ 05/24/2022 11:08:59 ] -     -	 Copying file: F:\MediaProjects\Videos\DJI_0030.mp4 to: C:\Users\wesle\OneDrive\Video\Kajak Renders

[ 05/24/2022 11:08:59 ] -     -	 F:\MediaProjects\Videos\2021\112821_dronevero\rend\snowangel.mp4

[ 05/24/2022 11:08:59 ] -DEBUG-	 File modified and copied  + $_.Name

[ 05/24/2022 11:08:59 ] -     -	 Copying file: F:\MediaProjects\Videos\snowangel.mp4 to: C:\Users\wesle\OneDrive\Video\Kajak Renders

[ 05/24/2022 11:08:59 ] -     -	 F:\MediaProjects\Videos\2021\112821_dronevero\DJI_0025.MP4

[ 05/24/2022 11:08:59 ] -DEBUG-	 File modified and copied  + $_.Name

[ 05/24/2022 11:08:59 ] -     -	 Copying file: F:\MediaProjects\Videos\DJI_0025.MP4 to: C:\Users\wesle\OneDrive\Video\Kajak Renders

[ 05/24/2022 11:08:59 ] -     -	 F:\MediaProjects\Videos\2021\112821_dronevero\DJI_0026.MP4

[ 05/24/2022 11:08:59 ] -DEBUG-	 File modified and copied  + $_.Name

[ 05/24/2022 11:08:59 ] -     -	 Copying file: F:\MediaProjects\Videos\DJI_0026.MP4 to: C:\Users\wesle\OneDrive\Video\Kajak Renders

[ 05/24/2022 11:08:59 ] -     -	 F:\MediaProjects\Videos\2021\112821_dronevero\DJI_0027.MP4

[ 05/24/2022 11:08:59 ] -DEBUG-	 File modified and copied  + $_.Name

[ 05/24/2022 11:08:59 ] -     -	 Copying file: F:\MediaProjects\Videos\DJI_0027.MP4 to: C:\Users\wesle\OneDrive\Video\Kajak Renders

[ 05/24/2022 11:08:59 ] -     -	 F:\MediaProjects\Videos\2021\112821_dronevero\DJI_0028.MP4

[ 05/24/2022 11:08:59 ] -DEBUG-	 File modified and copied  + $_.Name

[ 05/24/2022 11:08:59 ] -     -	 Copying file: F:\MediaProjects\Videos\DJI_0028.MP4 to: C:\Users\wesle\OneDrive\Video\Kajak Renders

[ 05/24/2022 11:08:59 ] -     -	 F:\MediaProjects\Videos\2021\112821_dronevero\DJI_0029.MP4

[ 05/24/2022 11:08:59 ] -DEBUG-	 File modified and copied  + $_.Name

[ 05/24/2022 11:08:59 ] -     -	 Copying file: F:\MediaProjects\Videos\DJI_0029.MP4 to: C:\Users\wesle\OneDrive\Video\Kajak Renders

[ 05/24/2022 11:08:59 ] -     -	 F:\MediaProjects\Videos\2021\112821_dronevero\DJI_0030.MP4

[ 05/24/2022 11:08:59 ] -DEBUG-	 File modified and copied  + $_.Name

[ 05/24/2022 11:08:59 ] -     -	 Copying file: F:\MediaProjects\Videos\DJI_0030.MP4 to: C:\Users\wesle\OneDrive\Video\Kajak Renders

[ 05/24/2022 11:08:59 ] -     -	 F:\MediaProjects\Videos\2021\112821_dronevero\DJI_0031.MP4

[ 05/24/2022 11:08:59 ] -DEBUG-	 File modified and copied  + $_.Name

[ 05/24/2022 11:08:59 ] -     -	 Copying file: F:\MediaProjects\Videos\DJI_0031.MP4 to: C:\Users\wesle\OneDrive\Video\Kajak Renders

[ 05/24/2022 11:08:59 ] -     -	 F:\MediaProjects\Videos\2021\120221_rolflofer\material\DJI_0032.MP4

[ 05/24/2022 11:08:59 ] -DEBUG-	 File modified and copied  + $_.Name

[ 05/24/2022 11:08:59 ] -     -	 Copying file: F:\MediaProjects\Videos\DJI_0032.MP4 to: C:\Users\wesle\OneDrive\Video\Kajak Renders

[ 05/24/2022 11:08:59 ] -     -	 F:\MediaProjects\Videos\2021\120221_rolflofer\material\DJI_0033.MP4

[ 05/24/2022 11:08:59 ] -DEBUG-	 File modified and copied  + $_.Name

[ 05/24/2022 11:08:59 ] -     -	 Copying file: F:\MediaProjects\Videos\DJI_0033.MP4 to: C:\Users\wesle\OneDrive\Video\Kajak Renders

[ 05/24/2022 11:08:59 ] -     -	 F:\MediaProjects\Videos\2021\120221_rolflofer\material\DJI_0034.MP4

[ 05/24/2022 11:08:59 ] -DEBUG-	 File modified and copied  + $_.Name

[ 05/24/2022 11:08:59 ] -     -	 Copying file: F:\MediaProjects\Videos\DJI_0034.MP4 to: C:\Users\wesle\OneDrive\Video\Kajak Renders

[ 05/24/2022 11:08:59 ] -     -	 F:\MediaProjects\Videos\2021\120221_rolflofer\material\DJI_0035.MP4

[ 05/24/2022 11:08:59 ] -DEBUG-	 File modified and copied  + $_.Name

[ 05/24/2022 11:08:59 ] -     -	 Copying file: F:\MediaProjects\Videos\DJI_0035.MP4 to: C:\Users\wesle\OneDrive\Video\Kajak Renders

[ 05/24/2022 11:08:59 ] -     -	 F:\MediaProjects\Videos\2021\120221_rolflofer\material\DJI_0036.MP4

[ 05/24/2022 11:08:59 ] -DEBUG-	 File modified and copied  + $_.Name

[ 05/24/2022 11:08:59 ] -     -	 Copying file: F:\MediaProjects\Videos\DJI_0036.MP4 to: C:\Users\wesle\OneDrive\Video\Kajak Renders

[ 05/24/2022 11:08:59 ] -     -	 F:\MediaProjects\Videos\2021\120221_rolflofer\material\DJI_0037.MP4

[ 05/24/2022 11:08:59 ] -DEBUG-	 File modified and copied  + $_.Name

[ 05/24/2022 11:08:59 ] -     -	 Copying file: F:\MediaProjects\Videos\DJI_0037.MP4 to: C:\Users\wesle\OneDrive\Video\Kajak Renders

[ 05/24/2022 11:08:59 ] -     -	 F:\MediaProjects\Videos\2021\120221_rolflofer\material\DJI_0038.MP4

[ 05/24/2022 11:08:59 ] -DEBUG-	 File modified and copied  + $_.Name

[ 05/24/2022 11:08:59 ] -     -	 Copying file: F:\MediaProjects\Videos\DJI_0038.MP4 to: C:\Users\wesle\OneDrive\Video\Kajak Renders

[ 05/24/2022 11:08:59 ] -     -	 F:\MediaProjects\Videos\2021\120221_rolflofer\material\DJI_0039.MP4

[ 05/24/2022 11:08:59 ] -DEBUG-	 File modified and copied  + $_.Name

[ 05/24/2022 11:08:59 ] -     -	 Copying file: F:\MediaProjects\Videos\DJI_0039.MP4 to: C:\Users\wesle\OneDrive\Video\Kajak Renders

[ 05/24/2022 11:08:59 ] -     -	 F:\MediaProjects\Videos\2021\120221_rolflofer\material\DJI_0040.MP4

[ 05/24/2022 11:08:59 ] -DEBUG-	 File modified and copied  + $_.Name

[ 05/24/2022 11:08:59 ] -     -	 Copying file: F:\MediaProjects\Videos\DJI_0040.MP4 to: C:\Users\wesle\OneDrive\Video\Kajak Renders

[ 05/24/2022 11:08:59 ] -     -	 F:\MediaProjects\Videos\2021\120221_rolflofer\material\DJI_0041.MP4

[ 05/24/2022 11:08:59 ] -DEBUG-	 File modified and copied  + $_.Name

[ 05/24/2022 11:08:59 ] -     -	 Copying file: F:\MediaProjects\Videos\DJI_0041.MP4 to: C:\Users\wesle\OneDrive\Video\Kajak Renders

[ 05/24/2022 11:08:59 ] -     -	 F:\MediaProjects\Videos\2021\120221_rolflofer\material\DJI_0042.MP4

[ 05/24/2022 11:08:59 ] -DEBUG-	 File modified and copied  + $_.Name

[ 05/24/2022 11:08:59 ] -     -	 Copying file: F:\MediaProjects\Videos\DJI_0042.MP4 to: C:\Users\wesle\OneDrive\Video\Kajak Renders

[ 05/24/2022 11:08:59 ] -     -	 F:\MediaProjects\Videos\2021\120221_rolflofer\material\DJI_0043.MP4

[ 05/24/2022 11:08:59 ] -DEBUG-	 File modified and copied  + $_.Name

[ 05/24/2022 11:08:59 ] -     -	 Copying file: F:\MediaProjects\Videos\DJI_0043.MP4 to: C:\Users\wesle\OneDrive\Video\Kajak Renders

[ 05/24/2022 11:08:59 ] -     -	 F:\MediaProjects\Videos\2021\120221_rolflofer\material\DJI_0044.MP4

[ 05/24/2022 11:08:59 ] -DEBUG-	 File modified and copied  + $_.Name

[ 05/24/2022 11:08:59 ] -     -	 Copying file: F:\MediaProjects\Videos\DJI_0044.MP4 to: C:\Users\wesle\OneDrive\Video\Kajak Renders

[ 05/24/2022 11:08:59 ] -     -	 F:\MediaProjects\Videos\2021\120221_rolflofer\material\DJI_0045.MP4

[ 05/24/2022 11:08:59 ] -DEBUG-	 File modified and copied  + $_.Name

[ 05/24/2022 11:08:59 ] -     -	 Copying file: F:\MediaProjects\Videos\DJI_0045.MP4 to: C:\Users\wesle\OneDrive\Video\Kajak Renders

[ 05/24/2022 11:08:59 ] -     -	 F:\MediaProjects\Videos\2021\120221_rolflofer\material\DJI_0046.MP4

[ 05/24/2022 11:08:59 ] -DEBUG-	 File modified and copied  + $_.Name

[ 05/24/2022 11:08:59 ] -     -	 Copying file: F:\MediaProjects\Videos\DJI_0046.MP4 to: C:\Users\wesle\OneDrive\Video\Kajak Renders

[ 05/24/2022 11:08:59 ] -     -	 F:\MediaProjects\Videos\2021\120221_rolflofer\material\DJI_0047.MP4

[ 05/24/2022 11:08:59 ] -DEBUG-	 File modified and copied  + $_.Name

[ 05/24/2022 11:08:59 ] -     -	 Copying file: F:\MediaProjects\Videos\DJI_0047.MP4 to: C:\Users\wesle\OneDrive\Video\Kajak Renders

[ 05/24/2022 11:08:59 ] -     -	 F:\MediaProjects\Videos\2021\120221_rolflofer\material\DJI_0048.MP4

[ 05/24/2022 11:08:59 ] -DEBUG-	 File modified and copied  + $_.Name

[ 05/24/2022 11:08:59 ] -     -	 Copying file: F:\MediaProjects\Videos\DJI_0048.MP4 to: C:\Users\wesle\OneDrive\Video\Kajak Renders

[ 05/24/2022 11:08:59 ] -     -	 F:\MediaProjects\Videos\2021\120221_rolflofer\render\rolfdrone.mp4

[ 05/24/2022 11:08:59 ] -DEBUG-	 File modified and copied  + $_.Name

[ 05/24/2022 11:08:59 ] -     -	 Copying file: F:\MediaProjects\Videos\rolfdrone.mp4 to: C:\Users\wesle\OneDrive\Video\Kajak Renders

[ 05/24/2022 11:08:59 ] -     -	 F:\MediaProjects\Videos\2021\120221_rolflofer\render\wesloferclip.mp4

[ 05/24/2022 11:08:59 ] -DEBUG-	 File modified and copied  + $_.Name

[ 05/24/2022 11:08:59 ] -     -	 Copying file: F:\MediaProjects\Videos\wesloferclip.mp4 to: C:\Users\wesle\OneDrive\Video\Kajak Renders

[ 05/24/2022 11:08:59 ] -     -	 F:\MediaProjects\Videos\2021\121721_hungariaguitar\rend\hungaria.mp4

[ 05/24/2022 11:08:59 ] -DEBUG-	 File modified and copied  + $_.Name

[ 05/24/2022 11:08:59 ] -     -	 Copying file: F:\MediaProjects\Videos\hungaria.mp4 to: C:\Users\wesle\OneDrive\Video\Kajak Renders

[ 05/24/2022 11:08:59 ] -     -	 F:\MediaProjects\Videos\2021\Counter-strike  Global Offensive\Counter-strike  Global Offensive 2021.12.09 - 23.53.18.05.DVR.mp4

[ 05/24/2022 11:08:59 ] -     -	 Ignored: F:\MediaProjects\Videos\Counter-strike  Global Offensive 2021.12.09 - 23.53.18.05.DVR.mp4 

[ 05/24/2022 11:08:59 ] -     -	 F:\MediaProjects\Videos\2021\Counter-strike  Global Offensive\Counter-strike  Global Offensive 2021.12.11 - 21.47.47.12.DVR.mp4

[ 05/24/2022 11:08:59 ] -     -	 Ignored: F:\MediaProjects\Videos\Counter-strike  Global Offensive 2021.12.11 - 21.47.47.12.DVR.mp4 

[ 05/24/2022 11:08:59 ] -     -	 F:\MediaProjects\Videos\2021\Counter-strike  Global Offensive\Counter-strike  Global Offensive 2021.12.20 - 21.13.28.05.DVR.mp4

[ 05/24/2022 11:08:59 ] -     -	 Ignored: F:\MediaProjects\Videos\Counter-strike  Global Offensive 2021.12.20 - 21.13.28.05.DVR.mp4 

[ 05/24/2022 11:08:59 ] -     -	 F:\MediaProjects\Videos\2021\Counter-strike  Global Offensive\Counter-strike  Global Offensive 2021.12.22 - 22.19.11.08.DVR.mp4

[ 05/24/2022 11:08:59 ] -     -	 Ignored: F:\MediaProjects\Videos\Counter-strike  Global Offensive 2021.12.22 - 22.19.11.08.DVR.mp4 

[ 05/24/2022 11:08:59 ] -     -	 F:\MediaProjects\Videos\2021\Counter-strike  Global Offensive\Counter-strike  Global Offensive 2021.12.22 - 22.25.25.09.DVR.mp4

[ 05/24/2022 11:08:59 ] -     -	 Ignored: F:\MediaProjects\Videos\Counter-strike  Global Offensive 2021.12.22 - 22.25.25.09.DVR.mp4 

[ 05/24/2022 11:08:59 ] -     -	 F:\MediaProjects\Videos\2021\Counter-strike  Global Offensive\Counter-strike  Global Offensive 2021.12.24 - 14.46.11.16.DVR.mp4

[ 05/24/2022 11:08:59 ] -     -	 Ignored: F:\MediaProjects\Videos\Counter-strike  Global Offensive 2021.12.24 - 14.46.11.16.DVR.mp4 

[ 05/24/2022 11:08:59 ] -     -	 F:\MediaProjects\Videos\2021\Counter-strike  Global Offensive\Counter-strike  Global Offensive 2022.01.02 - 17.30.23.09.DVR.mp4

[ 05/24/2022 11:08:59 ] -     -	 Ignored: F:\MediaProjects\Videos\Counter-strike  Global Offensive 2022.01.02 - 17.30.23.09.DVR.mp4 

[ 05/24/2022 11:09:00 ] -     -	 F:\MediaProjects\Videos\2022\[077]_iJ\Footage\Camera01\[1] iJ_202203181237_OG#DJI0003.MP4

[ 05/24/2022 11:09:00 ] -     -	 Ignored: F:\MediaProjects\Videos\[1] iJ_202203181237_OG#DJI0003.MP4 

[ 05/24/2022 11:09:00 ] -     -	 F:\MediaProjects\Videos\2022\[077]_iJ\Footage\Camera01\[1] iJ_202203181237_OG#DJI0004.MP4

[ 05/24/2022 11:09:00 ] -     -	 Ignored: F:\MediaProjects\Videos\[1] iJ_202203181237_OG#DJI0004.MP4 

[ 05/24/2022 11:09:00 ] -     -	 F:\MediaProjects\Videos\2022\[077]_iJ\Footage\Camera01\[1] iJ_202203181238_OG#DJI0005.MP4

[ 05/24/2022 11:09:00 ] -     -	 Ignored: F:\MediaProjects\Videos\[1] iJ_202203181238_OG#DJI0005.MP4 

[ 05/24/2022 11:09:00 ] -     -	 F:\MediaProjects\Videos\2022\[077]_iJ\Footage\Camera01\[1] iJ_202203181238_OG#DJI0006.MP4

[ 05/24/2022 11:09:00 ] -     -	 Ignored: F:\MediaProjects\Videos\[1] iJ_202203181238_OG#DJI0006.MP4 

[ 05/24/2022 11:09:00 ] -     -	 F:\MediaProjects\Videos\2022\[077]_iJ\Footage\Camera01\[1] iJ_202203181238_OG#DJI0007.MP4

[ 05/24/2022 11:09:00 ] -     -	 Ignored: F:\MediaProjects\Videos\[1] iJ_202203181238_OG#DJI0007.MP4 

[ 05/24/2022 11:09:00 ] -     -	 F:\MediaProjects\Videos\2022\[077]_iJ\Footage\Camera01\[1] iJ_202203181238_OG#DJI0008.MP4

[ 05/24/2022 11:09:00 ] -     -	 Ignored: F:\MediaProjects\Videos\[1] iJ_202203181238_OG#DJI0008.MP4 

[ 05/24/2022 11:09:00 ] -     -	 F:\MediaProjects\Videos\2022\[077]_lammer\Footage\Camera01\DCIM\100GOPRO\[4] lammer_202203181905_OG#GH013676.MP4

[ 05/24/2022 11:09:00 ] -     -	 Ignored: F:\MediaProjects\Videos\[4] lammer_202203181905_OG#GH013676.MP4 

[ 05/24/2022 11:09:00 ] -     -	 F:\MediaProjects\Videos\2022\[077]_lammer\Footage\Camera01\DCIM\100GOPRO\[4] lammer_202203181905_OG#GH013677.MP4

[ 05/24/2022 11:09:00 ] -     -	 Ignored: F:\MediaProjects\Videos\[4] lammer_202203181905_OG#GH013677.MP4 

[ 05/24/2022 11:09:00 ] -     -	 F:\MediaProjects\Videos\2022\[077]_lammer\Footage\Camera01\DCIM\100GOPRO\[4] lammer_202203181911_OG#GH013678.MP4

[ 05/24/2022 11:09:00 ] -     -	 Ignored: F:\MediaProjects\Videos\[4] lammer_202203181911_OG#GH013678.MP4 

[ 05/24/2022 11:09:00 ] -     -	 F:\MediaProjects\Videos\2022\[077]_lammer\Footage\Camera01\DCIM\100GOPRO\[4] lammer_202203181911_OG#GH023677.MP4

[ 05/24/2022 11:09:00 ] -     -	 Ignored: F:\MediaProjects\Videos\[4] lammer_202203181911_OG#GH023677.MP4 

[ 05/24/2022 11:09:00 ] -     -	 F:\MediaProjects\Videos\2022\[077]_lammer\Footage\Camera01\DCIM\100GOPRO\[4] lammer_202203181917_OG#GH023678.MP4

[ 05/24/2022 11:09:00 ] -     -	 Ignored: F:\MediaProjects\Videos\[4] lammer_202203181917_OG#GH023678.MP4 

[ 05/24/2022 11:09:00 ] -     -	 F:\MediaProjects\Videos\2022\[077]_lammer\lammeröfenrony.mp4

[ 05/24/2022 11:09:00 ] -DEBUG-	 File modified and copied  + $_.Name

[ 05/24/2022 11:09:00 ] -     -	 Copying file: F:\MediaProjects\Videos\lammeröfenrony.mp4 to: C:\Users\wesle\OneDrive\Video\Kajak Renders

[ 05/24/2022 11:09:00 ] -     -	 F:\MediaProjects\Videos\2022\[077]_test\Footage\Camera01\[1] test_202203181239_OG#DJI0003.MP4

[ 05/24/2022 11:09:00 ] -     -	 Ignored: F:\MediaProjects\Videos\[1] test_202203181239_OG#DJI0003.MP4 

[ 05/24/2022 11:09:00 ] -     -	 F:\MediaProjects\Videos\2022\[077]_test\Footage\Camera01\[1] test_202203181239_OG#DJI0004.MP4

[ 05/24/2022 11:09:00 ] -     -	 Ignored: F:\MediaProjects\Videos\[1] test_202203181239_OG#DJI0004.MP4 

[ 05/24/2022 11:09:00 ] -     -	 F:\MediaProjects\Videos\2022\[077]_test\Footage\Camera01\[1] test_202203181239_OG#DJI0005.MP4

[ 05/24/2022 11:09:00 ] -     -	 Ignored: F:\MediaProjects\Videos\[1] test_202203181239_OG#DJI0005.MP4 

[ 05/24/2022 11:09:00 ] -     -	 F:\MediaProjects\Videos\2022\[077]_test\Footage\Camera01\[1] test_202203181239_OG#DJI0006.MP4

[ 05/24/2022 11:09:00 ] -     -	 Ignored: F:\MediaProjects\Videos\[1] test_202203181239_OG#DJI0006.MP4 

[ 05/24/2022 11:09:00 ] -     -	 F:\MediaProjects\Videos\2022\[077]_test\Footage\Camera01\[1] test_202203181239_OG#DJI0007.MP4

[ 05/24/2022 11:09:00 ] -     -	 Ignored: F:\MediaProjects\Videos\[1] test_202203181239_OG#DJI0007.MP4 

[ 05/24/2022 11:09:00 ] -     -	 F:\MediaProjects\Videos\2022\[077]_test\Footage\Camera01\[1] test_202203181239_OG#DJI0008.MP4

[ 05/24/2022 11:09:00 ] -     -	 Ignored: F:\MediaProjects\Videos\[1] test_202203181239_OG#DJI0008.MP4 

[ 05/24/2022 11:09:00 ] -     -	 F:\MediaProjects\Videos\2022\[084]_lammerMax\Footage\Camera01\[1] lammerMax_202203251915_OG#GH013679.MP4

[ 05/24/2022 11:09:00 ] -     -	 Ignored: F:\MediaProjects\Videos\[1] lammerMax_202203251915_OG#GH013679.MP4 

[ 05/24/2022 11:09:00 ] -     -	 F:\MediaProjects\Videos\2022\[084]_lammerMax\Footage\Camera01\[1] lammerMax_202203251919_OG#GH013680.MP4

[ 05/24/2022 11:09:00 ] -     -	 Ignored: F:\MediaProjects\Videos\[1] lammerMax_202203251919_OG#GH013680.MP4 

[ 05/24/2022 11:09:00 ] -     -	 F:\MediaProjects\Videos\2022\[084]_lammerMax\Footage\Camera01\[1] lammerMax_202203251921_OG#GH013681.MP4

[ 05/24/2022 11:09:00 ] -     -	 Ignored: F:\MediaProjects\Videos\[1] lammerMax_202203251921_OG#GH013681.MP4 

[ 05/24/2022 11:09:00 ] -     -	 F:\MediaProjects\Videos\2022\[084]_lammerMax\Footage\Camera01\[1] lammerMax_202203251925_OG#GH013682.MP4

[ 05/24/2022 11:09:00 ] -     -	 Ignored: F:\MediaProjects\Videos\[1] lammerMax_202203251925_OG#GH013682.MP4 

[ 05/24/2022 11:09:00 ] -     -	 F:\MediaProjects\Videos\2022\[084]_lammerMax\Footage\Camera01\[1] lammerMax_202203251925_OG#GH013683.MP4

[ 05/24/2022 11:09:00 ] -     -	 Ignored: F:\MediaProjects\Videos\[1] lammerMax_202203251925_OG#GH013683.MP4 

[ 05/24/2022 11:09:00 ] -     -	 F:\MediaProjects\Videos\2022\[084]_lammerMax\Footage\Camera01\[1] lammerMax_202203251925_OG#GH013684.MP4

[ 05/24/2022 11:09:00 ] -     -	 Ignored: F:\MediaProjects\Videos\[1] lammerMax_202203251925_OG#GH013684.MP4 

[ 05/24/2022 11:09:00 ] -     -	 F:\MediaProjects\Videos\2022\[084]_lammerMax\Footage\Camera01\[1] lammerMax_202203251931_OG#GH013685.MP4

[ 05/24/2022 11:09:00 ] -     -	 Ignored: F:\MediaProjects\Videos\[1] lammerMax_202203251931_OG#GH013685.MP4 

[ 05/24/2022 11:09:00 ] -     -	 F:\MediaProjects\Videos\2022\[084]_lammerMax\Footage\Camera01\[1] lammerMax_202203251931_OG#GH023684.MP4

[ 05/24/2022 11:09:00 ] -     -	 Ignored: F:\MediaProjects\Videos\[1] lammerMax_202203251931_OG#GH023684.MP4 

[ 05/24/2022 11:09:00 ] -     -	 F:\MediaProjects\Videos\2022\[108]_koppirolfmartin\Footage\Camera01\New folder\xx.MP4

[ 05/24/2022 11:09:00 ] -DEBUG-	 File modified and copied  + $_.Name

[ 05/24/2022 11:09:00 ] -     -	 Copying file: F:\MediaProjects\Videos\xx.MP4 to: C:\Users\wesle\OneDrive\Video\Kajak Renders

[ 05/24/2022 11:09:00 ] -     -	 F:\MediaProjects\Videos\2022\[108]_koppirolfmartin\Footage\Camera01\[1] koppirolfmartin_202204181918_OG#GH013687.MP4

[ 05/24/2022 11:09:00 ] -     -	 Ignored: F:\MediaProjects\Videos\[1] koppirolfmartin_202204181918_OG#GH013687.MP4 

[ 05/24/2022 11:09:00 ] -     -	 F:\MediaProjects\Videos\2022\[108]_koppirolfmartin\Footage\Camera01\[1] koppirolfmartin_202204181920_OG#GH023687.MP4

[ 05/24/2022 11:09:00 ] -     -	 Ignored: F:\MediaProjects\Videos\[1] koppirolfmartin_202204181920_OG#GH023687.MP4 

[ 05/24/2022 11:09:00 ] -     -	 F:\MediaProjects\Videos\2022\[108]_koppirolfmartin\Footage\Camera01\[1] koppirolfmartin_202204181922_OG#GH013688.MP4

[ 05/24/2022 11:09:00 ] -     -	 Ignored: F:\MediaProjects\Videos\[1] koppirolfmartin_202204181922_OG#GH013688.MP4 

[ 05/24/2022 11:09:00 ] -     -	 F:\MediaProjects\Videos\2022\[108]_koppirolfmartin\Footage\Camera01\[1] koppirolfmartin_202204181924_OG#GH023688.MP4

[ 05/24/2022 11:09:00 ] -     -	 Ignored: F:\MediaProjects\Videos\[1] koppirolfmartin_202204181924_OG#GH023688.MP4 

[ 05/24/2022 11:09:00 ] -     -	 F:\MediaProjects\Videos\2022\[108]_koppirolfmartin\Footage\Camera01\[1] koppirolfmartin_202204181927_OG#GH033688.MP4

[ 05/24/2022 11:09:00 ] -     -	 Ignored: F:\MediaProjects\Videos\[1] koppirolfmartin_202204181927_OG#GH033688.MP4 

[ 05/24/2022 11:09:00 ] -     -	 F:\MediaProjects\Videos\2022\[133]_testnew\Footage\Camera01\[3] testnew_202205131625_OG#[1] koppirolfmartin_202204181917_OG#GH013686.MP4

[ 05/24/2022 11:09:00 ] -     -	 Ignored: F:\MediaProjects\Videos\[3] testnew_202205131625_OG#[1] koppirolfmartin_202204181917_OG#GH013686.MP4 

[ 05/24/2022 11:09:00 ] -     -	 F:\MediaProjects\Videos\2022\[133]_testnew\Footage\Camera01\[3] testnew_202205131625_OG#[1] koppirolfmartin_202204181918_OG#GH013687.MP4

[ 05/24/2022 11:09:13 ] -     -	 Ignored: F:\MediaProjects\Videos\[3] testnew_202205131625_OG#[1] koppirolfmartin_202204181918_OG#GH013687.MP4 

[ 05/24/2022 11:09:13 ] -     -	 F:\MediaProjects\Videos\2022\[133]_testnew\Footage\Camera01\[3] testnew_202205131625_OG#[1] koppirolfmartin_202204181920_OG#GH023687.MP4

[ 05/24/2022 11:09:13 ] -     -	 Ignored: F:\MediaProjects\Videos\[3] testnew_202205131625_OG#[1] koppirolfmartin_202204181920_OG#GH023687.MP4 

[ 05/24/2022 11:09:13 ] -     -	 F:\MediaProjects\Videos\2022\[133]_testnew\Footage\Camera01\[3] testnew_202205131626_OG#[1] koppirolfmartin_202204181922_OG#GH013688.MP4

[ 05/24/2022 11:09:13 ] -     -	 Ignored: F:\MediaProjects\Videos\[3] testnew_202205131626_OG#[1] koppirolfmartin_202204181922_OG#GH013688.MP4 

[ 05/24/2022 11:09:13 ] -     -	 F:\MediaProjects\Videos\2022\[133]_testnew\Footage\Camera01\[3] testnew_202205131626_OG#[1] koppirolfmartin_202204181924_OG#GH023688.MP4

[ 05/24/2022 11:09:13 ] -     -	 Ignored: F:\MediaProjects\Videos\[3] testnew_202205131626_OG#[1] koppirolfmartin_202204181924_OG#GH023688.MP4 

[ 05/24/2022 11:09:13 ] -     -	 F:\MediaProjects\Videos\2022\[133]_testnew\Footage\Camera01\[3] testnew_202205131626_OG#[1] koppirolfmartin_202204181927_OG#GH033688.MP4

[ 05/24/2022 11:09:13 ] -     -	 Ignored: F:\MediaProjects\Videos\[3] testnew_202205131626_OG#[1] koppirolfmartin_202204181927_OG#GH033688.MP4 

[ 05/24/2022 11:09:13 ] -     -	 F:\MediaProjects\Videos\2022\[141]_vro\Footage\Camera01\[1] vro_202205211703_OG#GH013686.MP4

[ 05/24/2022 11:09:13 ] -     -	 Ignored: F:\MediaProjects\Videos\[1] vro_202205211703_OG#GH013686.MP4 

[ 05/24/2022 11:09:13 ] -     -	 F:\MediaProjects\Videos\2022\[141]_vro\Footage\Camera01\[1] vro_202205211704_OG#GH013687.MP4

[ 05/24/2022 11:09:13 ] -     -	 Ignored: F:\MediaProjects\Videos\[1] vro_202205211704_OG#GH013687.MP4 

[ 05/24/2022 11:09:13 ] -     -	 F:\MediaProjects\Videos\2022\[141]_vro\Footage\Camera01\[1] vro_202205211707_OG#GH023687.MP4

[ 05/24/2022 11:09:13 ] -     -	 Ignored: F:\MediaProjects\Videos\[1] vro_202205211707_OG#GH023687.MP4 

[ 05/24/2022 11:09:13 ] -     -	 F:\MediaProjects\Videos\2022\[141]_vro\Footage\Camera01\[1] vro_202205211710_OG#GH013688.MP4

[ 05/24/2022 11:09:13 ] -     -	 Ignored: F:\MediaProjects\Videos\[1] vro_202205211710_OG#GH013688.MP4 

[ 05/24/2022 11:09:13 ] -     -	 F:\MediaProjects\Videos\2022\[141]_vro\Footage\Camera01\[1] vro_202205211716_OG#GH023688.MP4

[ 05/24/2022 11:09:13 ] -     -	 Ignored: F:\MediaProjects\Videos\[1] vro_202205211716_OG#GH023688.MP4 

[ 05/24/2022 11:09:13 ] -     -	 F:\MediaProjects\Videos\2022\[141]_vro\Footage\Camera01\[1] vro_202205211723_OG#GH033688.MP4

[ 05/24/2022 11:09:13 ] -     -	 Ignored: F:\MediaProjects\Videos\[1] vro_202205211723_OG#GH033688.MP4 

[ 05/24/2022 11:09:13 ] -     -	 F:\MediaProjects\Videos\2022\[141]_vro\Footage\Camera01\[1] vro_202205211726_OG#GH013689.MP4

[ 05/24/2022 11:09:13 ] -     -	 Ignored: F:\MediaProjects\Videos\[1] vro_202205211726_OG#GH013689.MP4 

[ 05/24/2022 11:09:13 ] -     -	 F:\MediaProjects\Videos\2022\[141]_vro\Footage\Camera01\[1] vro_202205211730_OG#GH013690.MP4

[ 05/24/2022 11:09:13 ] -     -	 Ignored: F:\MediaProjects\Videos\[1] vro_202205211730_OG#GH013690.MP4 

[ 05/24/2022 11:09:13 ] -     -	 F:\MediaProjects\Videos\2022\[141]_vro\Footage\Camera01\[1] vro_202205211732_OG#GH013691.MP4

[ 05/24/2022 11:09:13 ] -     -	 Ignored: F:\MediaProjects\Videos\[1] vro_202205211732_OG#GH013691.MP4 

[ 05/24/2022 11:09:13 ] -     -	 F:\MediaProjects\Videos\2022\[141]_vro\Footage\Camera01\[1] vro_202205211734_OG#GH013692.MP4

[ 05/24/2022 11:09:13 ] -     -	 Ignored: F:\MediaProjects\Videos\[1] vro_202205211734_OG#GH013692.MP4 

